# JRE version: OpenJDK Runtime Environment (17.0.11) (build 17.0.11+0--11852314)
# Java VM: OpenJDK 64-Bit Server VM (17.0.11+0--11852314, mixed mode, tiered, compressed oops, compressed class ptrs, g1 gc, windows-amd64)
GC Precious Log:
 CPUs: 8 total, 8 available
 Memory: 7991M
 Large Page Support: Disabled
 NUMA Support: Disabled
 Compressed Oops: Enabled (32-bit)
 Heap Region Size: 1M
 Heap Min Capacity: 8M
 Heap Initial Capacity: 126M
 Heap Max Capacity: 2G
 Pre-touch: Disabled
 Parallel Workers: 8
 Concurrent Workers: 2
 Concurrent Refinement Workers: 8
 Periodic GC: Disabled
Heap:
 garbage-first heap   total 393216K, used 250625K [0x0000000080000000, 0x0000000100000000)
  region size 1024K, 33 young (33792K), 3 survivors (3072K)
 Metaspace       used 180326K, committed 181312K, reserved 1245184K
  class space    used 23444K, committed 23936K, reserved 1048576K
GC Heap History (20 events):
Event: 31.268 GC heap before
{Heap before GC invocations=89 (full 0):
 garbage-first heap   total 288768K, used 248202K [0x0000000080000000, 0x0000000100000000)
  region size 1024K, 42 young (43008K), 3 survivors (3072K)
 Metaspace       used 165603K, committed 166528K, reserved 1245184K
  class space    used 21410K, committed 21824K, reserved 1048576K
}
Event: 31.272 GC heap after
{Heap after GC invocations=90 (full 0):
 garbage-first heap   total 288768K, used 210013K [0x0000000080000000, 0x0000000100000000)
  region size 1024K, 5 young (5120K), 5 survivors (5120K)
 Metaspace       used 165603K, committed 166528K, reserved 1245184K
  class space    used 21410K, committed 21824K, reserved 1048576K
}
Event: 31.671 GC heap before
{Heap before GC invocations=90 (full 0):
 garbage-first heap   total 288768K, used 248925K [0x0000000080000000, 0x0000000100000000)
  region size 1024K, 43 young (44032K), 5 survivors (5120K)
 Metaspace       used 168008K, committed 168960K, reserved 1245184K
  class space    used 21764K, committed 22208K, reserved 1048576K
}
Event: 31.675 GC heap after
{Heap after GC invocations=91 (full 0):
 garbage-first heap   total 288768K, used 204886K [0x0000000080000000, 0x0000000100000000)
  region size 1024K, 5 young (5120K), 5 survivors (5120K)
 Metaspace       used 168008K, committed 168960K, reserved 1245184K
  class space    used 21764K, committed 22208K, reserved 1048576K
}
Event: 32.173 GC heap before
{Heap before GC invocations=91 (full 0):
 garbage-first heap   total 288768K, used 261206K [0x0000000080000000, 0x0000000100000000)
  region size 1024K, 49 young (50176K), 5 survivors (5120K)
 Metaspace       used 172351K, committed 173248K, reserved 1245184K
  class space    used 22429K, committed 22848K, reserved 1048576K
}
Event: 32.179 GC heap after
{Heap after GC invocations=92 (full 0):
 garbage-first heap   total 288768K, used 222722K [0x0000000080000000, 0x0000000100000000)
  region size 1024K, 7 young (7168K), 7 survivors (7168K)
 Metaspace       used 172351K, committed 173248K, reserved 1245184K
  class space    used 22429K, committed 22848K, reserved 1048576K
}
Event: 32.456 GC heap before
{Heap before GC invocations=92 (full 0):
 garbage-first heap   total 288768K, used 254466K [0x0000000080000000, 0x0000000100000000)
  region size 1024K, 35 young (35840K), 7 survivors (7168K)
 Metaspace       used 176626K, committed 177600K, reserved 1245184K
  class space    used 22949K, committed 23424K, reserved 1048576K
}
Event: 32.463 GC heap after
{Heap after GC invocations=93 (full 0):
 garbage-first heap   total 288768K, used 229741K [0x0000000080000000, 0x0000000100000000)
  region size 1024K, 4 young (4096K), 4 survivors (4096K)
 Metaspace       used 176626K, committed 177600K, reserved 1245184K
  class space    used 22949K, committed 23424K, reserved 1048576K
}
Event: 33.948 GC heap before
{Heap before GC invocations=94 (full 0):
 garbage-first heap   total 393216K, used 239981K [0x0000000080000000, 0x0000000100000000)
  region size 1024K, 19 young (19456K), 4 survivors (4096K)
 Metaspace       used 179835K, committed 180800K, reserved 1245184K
  class space    used 23392K, committed 23872K, reserved 1048576K
}
Event: 33.951 GC heap after
{Heap after GC invocations=95 (full 0):
 garbage-first heap   total 393216K, used 226778K [0x0000000080000000, 0x0000000100000000)
  region size 1024K, 2 young (2048K), 2 survivors (2048K)
 Metaspace       used 179835K, committed 180800K, reserved 1245184K
  class space    used 23392K, committed 23872K, reserved 1048576K
}
Event: 39.829 GC heap before
{Heap before GC invocations=95 (full 0):
 garbage-first heap   total 393216K, used 244186K [0x0000000080000000, 0x0000000100000000)
  region size 1024K, 19 young (19456K), 2 survivors (2048K)
 Metaspace       used 180257K, committed 181312K, reserved 1245184K
  class space    used 23434K, committed 23936K, reserved 1048576K
}
Event: 39.831 GC heap after
{Heap after GC invocations=96 (full 0):
 garbage-first heap   total 393216K, used 215237K [0x0000000080000000, 0x0000000100000000)
  region size 1024K, 2 young (2048K), 2 survivors (2048K)
 Metaspace       used 180257K, committed 181312K, reserved 1245184K
  class space    used 23434K, committed 23936K, reserved 1048576K
}
Event: 47.000 GC heap before
{Heap before GC invocations=96 (full 0):
 garbage-first heap   total 393216K, used 307397K [0x0000000080000000, 0x0000000100000000)
  region size 1024K, 86 young (88064K), 2 survivors (2048K)
 Metaspace       used 180320K, committed 181312K, reserved 1245184K
  class space    used 23444K, committed 23936K, reserved 1048576K
}
Event: 47.004 GC heap after
{Heap after GC invocations=97 (full 0):
 garbage-first heap   total 393216K, used 221984K [0x0000000080000000, 0x0000000100000000)
  region size 1024K, 3 young (3072K), 3 survivors (3072K)
 Metaspace       used 180320K, committed 181312K, reserved 1245184K
  class space    used 23444K, committed 23936K, reserved 1048576K
}
Event: 51.826 GC heap before
{Heap before GC invocations=97 (full 0):
 garbage-first heap   total 393216K, used 310048K [0x0000000080000000, 0x0000000100000000)
  region size 1024K, 89 young (91136K), 3 survivors (3072K)
 Metaspace       used 180320K, committed 181312K, reserved 1245184K
  class space    used 23444K, committed 23936K, reserved 1048576K
}
Event: 51.828 GC heap after
{Heap after GC invocations=98 (full 0):
 garbage-first heap   total 393216K, used 221923K [0x0000000080000000, 0x0000000100000000)
  region size 1024K, 2 young (2048K), 2 survivors (2048K)
 Metaspace       used 180320K, committed 181312K, reserved 1245184K
  class space    used 23444K, committed 23936K, reserved 1048576K
}
Event: 56.751 GC heap before
{Heap before GC invocations=98 (full 0):
 garbage-first heap   total 393216K, used 317155K [0x0000000080000000, 0x0000000100000000)
  region size 1024K, 95 young (97280K), 2 survivors (2048K)
 Metaspace       used 180321K, committed 181312K, reserved 1245184K
  class space    used 23444K, committed 23936K, reserved 1048576K
}
Event: 56.754 GC heap after
{Heap after GC invocations=99 (full 0):
 garbage-first heap   total 393216K, used 221952K [0x0000000080000000, 0x0000000100000000)
  region size 1024K, 3 young (3072K), 3 survivors (3072K)
 Metaspace       used 180321K, committed 181312K, reserved 1245184K
  class space    used 23444K, committed 23936K, reserved 1048576K
}
Event: 60.481 GC heap before
{Heap before GC invocations=99 (full 0):
 garbage-first heap   total 393216K, used 322304K [0x0000000080000000, 0x0000000100000000)
  region size 1024K, 101 young (103424K), 3 survivors (3072K)
 Metaspace       used 180321K, committed 181312K, reserved 1245184K
  class space    used 23444K, committed 23936K, reserved 1048576K
}
Event: 60.483 GC heap after
{Heap after GC invocations=100 (full 0):
 garbage-first heap   total 393216K, used 221953K [0x0000000080000000, 0x0000000100000000)
  region size 1024K, 3 young (3072K), 3 survivors (3072K)
 Metaspace       used 180321K, committed 181312K, reserved 1245184K
  class space    used 23444K, committed 23936K, reserved 1048576K
}

