# JRE version: OpenJDK Runtime Environment (17.0.11) (build 17.0.11+0--11852314)
# Java VM: OpenJDK 64-Bit Server VM (17.0.11+0--11852314, mixed mode, tiered, compressed oops, compressed class ptrs, parallel gc, windows-amd64)
GC Precious Log:
 CPUs: 8 total, 8 available
 Memory: 7991M
 Large Page Support: Disabled
 NUMA Support: Disabled
 Compressed Oops: Enabled (Zero based)
 Alignments: Space 512K, Generation 512K, Heap 2M
 Heap Min Capacity: 8M
 Heap Initial Capacity: 126M
 Heap Max Capacity: 4G
 Pre-touch: Disabled
 Parallel Workers: 8
Heap:
 PSYoungGen      total 1202176K, used 448734K [0x00000007aab00000, 0x00000007ff800000, 0x0000000800000000)
  eden space 1034752K, 34% used [0x00000007aab00000,0x00000007c0c6a958,0x00000007e9d80000)
  from space 167424K, 51% used [0x00000007e9d80000,0x00000007ef24cf98,0x00000007f4100000)
  to   space 164352K, 0% used [0x00000007f5780000,0x00000007f5780000,0x00000007ff800000)
 ParOldGen       total 852480K, used 576489K [0x0000000700000000, 0x0000000734080000, 0x00000007aab00000)
  object space 852480K, 67% used [0x0000000700000000,0x00000007232fa4d0,0x0000000734080000)
 Metaspace       used 263686K, committed 265408K, reserved 1310720K
  class space    used 33621K, committed 34496K, reserved 1048576K
GC Heap History (20 events):
Event: 120.455 GC heap before
{Heap before GC invocations=67 (full 9):
 PSYoungGen      total 1170432K, used 943104K [0x00000007aab00000, 0x0000000800000000, 0x0000000800000000)
  eden space 943104K, 100% used [0x00000007aab00000,0x00000007e4400000,0x00000007e4400000)
  from space 227328K, 0% used [0x00000007e4400000,0x00000007e4400000,0x00000007f2200000)
  to   space 227328K, 0% used [0x00000007f2200000,0x00000007f2200000,0x0000000800000000)
 ParOldGen       total 852480K, used 576393K [0x0000000700000000, 0x0000000734080000, 0x00000007aab00000)
  object space 852480K, 67% used [0x0000000700000000,0x00000007232e24d0,0x0000000734080000)
 Metaspace       used 245294K, committed 246912K, reserved 1310720K
  class space    used 31372K, committed 32192K, reserved 1048576K
}
Event: 120.471 GC heap after
{Heap after GC invocations=67 (full 9):
 PSYoungGen      total 1168384K, used 18382K [0x00000007aab00000, 0x0000000800000000, 0x0000000800000000)
  eden space 941056K, 0% used [0x00000007aab00000,0x00000007aab00000,0x00000007e4200000)
  from space 227328K, 8% used [0x00000007f2200000,0x00000007f33f3a58,0x0000000800000000)
  to   space 228352K, 0% used [0x00000007e4200000,0x00000007e4200000,0x00000007f2100000)
 ParOldGen       total 852480K, used 576401K [0x0000000700000000, 0x0000000734080000, 0x00000007aab00000)
  object space 852480K, 67% used [0x0000000700000000,0x00000007232e44d0,0x0000000734080000)
 Metaspace       used 245294K, committed 246912K, reserved 1310720K
  class space    used 31372K, committed 32192K, reserved 1048576K
}
Event: 121.872 GC heap before
{Heap before GC invocations=68 (full 9):
 PSYoungGen      total 1168384K, used 959438K [0x00000007aab00000, 0x0000000800000000, 0x0000000800000000)
  eden space 941056K, 100% used [0x00000007aab00000,0x00000007e4200000,0x00000007e4200000)
  from space 227328K, 8% used [0x00000007f2200000,0x00000007f33f3a58,0x0000000800000000)
  to   space 228352K, 0% used [0x00000007e4200000,0x00000007e4200000,0x00000007f2100000)
 ParOldGen       total 852480K, used 576401K [0x0000000700000000, 0x0000000734080000, 0x00000007aab00000)
  object space 852480K, 67% used [0x0000000700000000,0x00000007232e44d0,0x0000000734080000)
 Metaspace       used 245671K, committed 247232K, reserved 1310720K
  class space    used 31388K, committed 32192K, reserved 1048576K
}
Event: 121.889 GC heap after
{Heap after GC invocations=68 (full 9):
 PSYoungGen      total 972288K, used 30880K [0x00000007aab00000, 0x00000007ffa00000, 0x0000000800000000)
  eden space 941056K, 0% used [0x00000007aab00000,0x00000007aab00000,0x00000007e4200000)
  from space 31232K, 98% used [0x00000007e4200000,0x00000007e60282f8,0x00000007e6080000)
  to   space 224768K, 0% used [0x00000007f1e80000,0x00000007f1e80000,0x00000007ffa00000)
 ParOldGen       total 852480K, used 576409K [0x0000000700000000, 0x0000000734080000, 0x00000007aab00000)
  object space 852480K, 67% used [0x0000000700000000,0x00000007232e64d0,0x0000000734080000)
 Metaspace       used 245671K, committed 247232K, reserved 1310720K
  class space    used 31388K, committed 32192K, reserved 1048576K
}
Event: 123.403 GC heap before
{Heap before GC invocations=69 (full 9):
 PSYoungGen      total 972288K, used 971936K [0x00000007aab00000, 0x00000007ffa00000, 0x0000000800000000)
  eden space 941056K, 100% used [0x00000007aab00000,0x00000007e4200000,0x00000007e4200000)
  from space 31232K, 98% used [0x00000007e4200000,0x00000007e60282f8,0x00000007e6080000)
  to   space 224768K, 0% used [0x00000007f1e80000,0x00000007f1e80000,0x00000007ffa00000)
 ParOldGen       total 852480K, used 576409K [0x0000000700000000, 0x0000000734080000, 0x00000007aab00000)
  object space 852480K, 67% used [0x0000000700000000,0x00000007232e64d0,0x0000000734080000)
 Metaspace       used 245737K, committed 247296K, reserved 1310720K
  class space    used 31389K, committed 32192K, reserved 1048576K
}
Event: 123.422 GC heap after
{Heap after GC invocations=69 (full 9):
 PSYoungGen      total 1172992K, used 39483K [0x00000007aab00000, 0x0000000800000000, 0x0000000800000000)
  eden space 948224K, 0% used [0x00000007aab00000,0x00000007aab00000,0x00000007e4900000)
  from space 224768K, 17% used [0x00000007f1e80000,0x00000007f450ec58,0x00000007ffa00000)
  to   space 218624K, 0% used [0x00000007e4900000,0x00000007e4900000,0x00000007f1e80000)
 ParOldGen       total 852480K, used 576417K [0x0000000700000000, 0x0000000734080000, 0x00000007aab00000)
  object space 852480K, 67% used [0x0000000700000000,0x00000007232e84d0,0x0000000734080000)
 Metaspace       used 245737K, committed 247296K, reserved 1310720K
  class space    used 31389K, committed 32192K, reserved 1048576K
}
Event: 125.414 GC heap before
{Heap before GC invocations=70 (full 9):
 PSYoungGen      total 1172992K, used 987707K [0x00000007aab00000, 0x0000000800000000, 0x0000000800000000)
  eden space 948224K, 100% used [0x00000007aab00000,0x00000007e4900000,0x00000007e4900000)
  from space 224768K, 17% used [0x00000007f1e80000,0x00000007f450ec58,0x00000007ffa00000)
  to   space 218624K, 0% used [0x00000007e4900000,0x00000007e4900000,0x00000007f1e80000)
 ParOldGen       total 852480K, used 576417K [0x0000000700000000, 0x0000000734080000, 0x00000007aab00000)
  object space 852480K, 67% used [0x0000000700000000,0x00000007232e84d0,0x0000000734080000)
 Metaspace       used 245861K, committed 247424K, reserved 1310720K
  class space    used 31399K, committed 32192K, reserved 1048576K
}
Event: 125.449 GC heap after
{Heap after GC invocations=70 (full 9):
 PSYoungGen      total 1015296K, used 66956K [0x00000007aab00000, 0x00000007fe400000, 0x0000000800000000)
  eden space 948224K, 0% used [0x00000007aab00000,0x00000007aab00000,0x00000007e4900000)
  from space 67072K, 99% used [0x00000007e4900000,0x00000007e8a63280,0x00000007e8a80000)
  to   space 207360K, 0% used [0x00000007f1980000,0x00000007f1980000,0x00000007fe400000)
 ParOldGen       total 852480K, used 576425K [0x0000000700000000, 0x0000000734080000, 0x00000007aab00000)
  object space 852480K, 67% used [0x0000000700000000,0x00000007232ea4d0,0x0000000734080000)
 Metaspace       used 245861K, committed 247424K, reserved 1310720K
  class space    used 31399K, committed 32192K, reserved 1048576K
}
Event: 168.009 GC heap before
{Heap before GC invocations=71 (full 9):
 PSYoungGen      total 1015296K, used 1015180K [0x00000007aab00000, 0x00000007fe400000, 0x0000000800000000)
  eden space 948224K, 100% used [0x00000007aab00000,0x00000007e4900000,0x00000007e4900000)
  from space 67072K, 99% used [0x00000007e4900000,0x00000007e8a63280,0x00000007e8a80000)
  to   space 207360K, 0% used [0x00000007f1980000,0x00000007f1980000,0x00000007fe400000)
 ParOldGen       total 852480K, used 576425K [0x0000000700000000, 0x0000000734080000, 0x00000007aab00000)
  object space 852480K, 67% used [0x0000000700000000,0x00000007232ea4d0,0x0000000734080000)
 Metaspace       used 248234K, committed 249856K, reserved 1310720K
  class space    used 31794K, committed 32640K, reserved 1048576K
}
Event: 168.043 GC heap after
{Heap after GC invocations=71 (full 9):
 PSYoungGen      total 1163776K, used 15186K [0x00000007aab00000, 0x0000000800000000, 0x0000000800000000)
  eden space 956416K, 0% used [0x00000007aab00000,0x00000007aab00000,0x00000007e5100000)
  from space 207360K, 7% used [0x00000007f1980000,0x00000007f2854ad8,0x00000007fe400000)
  to   space 205312K, 0% used [0x00000007e5100000,0x00000007e5100000,0x00000007f1980000)
 ParOldGen       total 852480K, used 576433K [0x0000000700000000, 0x0000000734080000, 0x00000007aab00000)
  object space 852480K, 67% used [0x0000000700000000,0x00000007232ec4d0,0x0000000734080000)
 Metaspace       used 248234K, committed 249856K, reserved 1310720K
  class space    used 31794K, committed 32640K, reserved 1048576K
}
Event: 425.456 GC heap before
{Heap before GC invocations=72 (full 9):
 PSYoungGen      total 1163776K, used 971602K [0x00000007aab00000, 0x0000000800000000, 0x0000000800000000)
  eden space 956416K, 100% used [0x00000007aab00000,0x00000007e5100000,0x00000007e5100000)
  from space 207360K, 7% used [0x00000007f1980000,0x00000007f2854ad8,0x00000007fe400000)
  to   space 205312K, 0% used [0x00000007e5100000,0x00000007e5100000,0x00000007f1980000)
 ParOldGen       total 852480K, used 576433K [0x0000000700000000, 0x0000000734080000, 0x00000007aab00000)
  object space 852480K, 67% used [0x0000000700000000,0x00000007232ec4d0,0x0000000734080000)
 Metaspace       used 249660K, committed 251328K, reserved 1310720K
  class space    used 31932K, committed 32768K, reserved 1048576K
}
Event: 425.693 GC heap after
{Heap after GC invocations=72 (full 9):
 PSYoungGen      total 1161728K, used 37396K [0x00000007aab00000, 0x00000007ff000000, 0x0000000800000000)
  eden space 956416K, 0% used [0x00000007aab00000,0x00000007aab00000,0x00000007e5100000)
  from space 205312K, 18% used [0x00000007e5100000,0x00000007e7585268,0x00000007f1980000)
  to   space 198144K, 0% used [0x00000007f2e80000,0x00000007f2e80000,0x00000007ff000000)
 ParOldGen       total 852480K, used 576441K [0x0000000700000000, 0x0000000734080000, 0x00000007aab00000)
  object space 852480K, 67% used [0x0000000700000000,0x00000007232ee4d0,0x0000000734080000)
 Metaspace       used 249660K, committed 251328K, reserved 1310720K
  class space    used 31932K, committed 32768K, reserved 1048576K
}
Event: 428.299 GC heap before
{Heap before GC invocations=73 (full 9):
 PSYoungGen      total 1161728K, used 993812K [0x00000007aab00000, 0x00000007ff000000, 0x0000000800000000)
  eden space 956416K, 100% used [0x00000007aab00000,0x00000007e5100000,0x00000007e5100000)
  from space 205312K, 18% used [0x00000007e5100000,0x00000007e7585268,0x00000007f1980000)
  to   space 198144K, 0% used [0x00000007f2e80000,0x00000007f2e80000,0x00000007ff000000)
 ParOldGen       total 852480K, used 576441K [0x0000000700000000, 0x0000000734080000, 0x00000007aab00000)
  object space 852480K, 67% used [0x0000000700000000,0x00000007232ee4d0,0x0000000734080000)
 Metaspace       used 250768K, committed 252416K, reserved 1310720K
  class space    used 32082K, committed 32960K, reserved 1048576K
}
Event: 428.427 GC heap after
{Heap after GC invocations=73 (full 9):
 PSYoungGen      total 1178112K, used 64188K [0x00000007aab00000, 0x00000007fe200000, 0x0000000800000000)
  eden space 994304K, 0% used [0x00000007aab00000,0x00000007aab00000,0x00000007e7600000)
  from space 183808K, 34% used [0x00000007f2e80000,0x00000007f6d2f240,0x00000007fe200000)
  to   space 186368K, 0% used [0x00000007e7600000,0x00000007e7600000,0x00000007f2c00000)
 ParOldGen       total 852480K, used 576449K [0x0000000700000000, 0x0000000734080000, 0x00000007aab00000)
  object space 852480K, 67% used [0x0000000700000000,0x00000007232f04d0,0x0000000734080000)
 Metaspace       used 250768K, committed 252416K, reserved 1310720K
  class space    used 32082K, committed 32960K, reserved 1048576K
}
Event: 434.069 GC heap before
{Heap before GC invocations=74 (full 9):
 PSYoungGen      total 1178112K, used 1058492K [0x00000007aab00000, 0x00000007fe200000, 0x0000000800000000)
  eden space 994304K, 100% used [0x00000007aab00000,0x00000007e7600000,0x00000007e7600000)
  from space 183808K, 34% used [0x00000007f2e80000,0x00000007f6d2f240,0x00000007fe200000)
  to   space 186368K, 0% used [0x00000007e7600000,0x00000007e7600000,0x00000007f2c00000)
 ParOldGen       total 852480K, used 576449K [0x0000000700000000, 0x0000000734080000, 0x00000007aab00000)
  object space 852480K, 67% used [0x0000000700000000,0x00000007232f04d0,0x0000000734080000)
 Metaspace       used 261324K, committed 262976K, reserved 1310720K
  class space    used 33331K, committed 34176K, reserved 1048576K
}
Event: 434.197 GC heap after
{Heap after GC invocations=74 (full 9):
 PSYoungGen      total 1180672K, used 68600K [0x00000007aab00000, 0x00000007feb80000, 0x0000000800000000)
  eden space 994304K, 0% used [0x00000007aab00000,0x00000007aab00000,0x00000007e7600000)
  from space 186368K, 36% used [0x00000007e7600000,0x00000007eb8fe1b0,0x00000007f2c00000)
  to   space 174592K, 0% used [0x00000007f4100000,0x00000007f4100000,0x00000007feb80000)
 ParOldGen       total 852480K, used 576457K [0x0000000700000000, 0x0000000734080000, 0x00000007aab00000)
  object space 852480K, 67% used [0x0000000700000000,0x00000007232f24d0,0x0000000734080000)
 Metaspace       used 261324K, committed 262976K, reserved 1310720K
  class space    used 33331K, committed 34176K, reserved 1048576K
}
Event: 437.078 GC heap before
{Heap before GC invocations=75 (full 9):
 PSYoungGen      total 1180672K, used 1062904K [0x00000007aab00000, 0x00000007feb80000, 0x0000000800000000)
  eden space 994304K, 100% used [0x00000007aab00000,0x00000007e7600000,0x00000007e7600000)
  from space 186368K, 36% used [0x00000007e7600000,0x00000007eb8fe1b0,0x00000007f2c00000)
  to   space 174592K, 0% used [0x00000007f4100000,0x00000007f4100000,0x00000007feb80000)
 ParOldGen       total 852480K, used 576457K [0x0000000700000000, 0x0000000734080000, 0x00000007aab00000)
  object space 852480K, 67% used [0x0000000700000000,0x00000007232f24d0,0x0000000734080000)
 Metaspace       used 261366K, committed 263040K, reserved 1310720K
  class space    used 33332K, committed 34176K, reserved 1048576K
}
Event: 437.161 GC heap after
{Heap after GC invocations=75 (full 9):
 PSYoungGen      total 1204224K, used 78687K [0x00000007aab00000, 0x00000007fe680000, 0x0000000800000000)
  eden space 1034752K, 0% used [0x00000007aab00000,0x00000007aab00000,0x00000007e9d80000)
  from space 169472K, 46% used [0x00000007f4100000,0x00000007f8dd7f08,0x00000007fe680000)
  to   space 167424K, 0% used [0x00000007e9d80000,0x00000007e9d80000,0x00000007f4100000)
 ParOldGen       total 852480K, used 576465K [0x0000000700000000, 0x0000000734080000, 0x00000007aab00000)
  object space 852480K, 67% used [0x0000000700000000,0x00000007232f44d0,0x0000000734080000)
 Metaspace       used 261366K, committed 263040K, reserved 1310720K
  class space    used 33332K, committed 34176K, reserved 1048576K
}
Event: 440.556 GC heap before
{Heap before GC invocations=76 (full 9):
 PSYoungGen      total 1204224K, used 1113137K [0x00000007aab00000, 0x00000007fe680000, 0x0000000800000000)
  eden space 1034752K, 99% used [0x00000007aab00000,0x00000007e9d346b0,0x00000007e9d80000)
  from space 169472K, 46% used [0x00000007f4100000,0x00000007f8dd7f08,0x00000007fe680000)
  to   space 167424K, 0% used [0x00000007e9d80000,0x00000007e9d80000,0x00000007f4100000)
 ParOldGen       total 852480K, used 576465K [0x0000000700000000, 0x0000000734080000, 0x00000007aab00000)
  object space 852480K, 67% used [0x0000000700000000,0x00000007232f44d0,0x0000000734080000)
 Metaspace       used 262897K, committed 264576K, reserved 1310720K
  class space    used 33526K, committed 34368K, reserved 1048576K
}
Event: 440.760 GC heap after
{Heap after GC invocations=76 (full 9):
 PSYoungGen      total 1202176K, used 86835K [0x00000007aab00000, 0x00000007ff800000, 0x0000000800000000)
  eden space 1034752K, 0% used [0x00000007aab00000,0x00000007aab00000,0x00000007e9d80000)
  from space 167424K, 51% used [0x00000007e9d80000,0x00000007ef24cf98,0x00000007f4100000)
  to   space 164352K, 0% used [0x00000007f5780000,0x00000007f5780000,0x00000007ff800000)
 ParOldGen       total 852480K, used 576489K [0x0000000700000000, 0x0000000734080000, 0x00000007aab00000)
  object space 852480K, 67% used [0x0000000700000000,0x00000007232fa4d0,0x0000000734080000)
 Metaspace       used 262897K, committed 264576K, reserved 1310720K
  class space    used 33526K, committed 34368K, reserved 1048576K
}

