# JRE version: OpenJDK Runtime Environment (17.0.11) (build 17.0.11+0--11852314)
# Java VM: OpenJDK 64-Bit Server VM (17.0.11+0--11852314, mixed mode, tiered, compressed oops, compressed class ptrs, parallel gc, windows-amd64)
GC Precious Log:
 CPUs: 8 total, 8 available
 Memory: 7991M
 Large Page Support: Disabled
 NUMA Support: Disabled
 Compressed Oops: Enabled (Zero based)
 Alignments: Space 512K, Generation 512K, Heap 2M
 Heap Min Capacity: 8M
 Heap Initial Capacity: 126M
 Heap Max Capacity: 4G
 Pre-touch: Disabled
 Parallel Workers: 8
Heap:
 PSYoungGen      total 160256K, used 125343K [0x00000007aab00000, 0x00000007b6a80000, 0x0000000800000000)
  eden space 157184K, 77% used [0x00000007aab00000,0x00000007b226b980,0x00000007b4480000)
  from space 3072K, 99% used [0x00000007b4480000,0x00000007b477c390,0x00000007b4780000)
  to   space 8704K, 0% used [0x00000007b6200000,0x00000007b6200000,0x00000007b6a80000)
 ParOldGen       total 71168K, used 42386K [0x0000000700000000, 0x0000000704580000, 0x00000007aab00000)
  object space 71168K, 59% used [0x0000000700000000,0x0000000702964af8,0x0000000704580000)
 Metaspace       used 82618K, committed 83136K, reserved 1179648K
  class space    used 10855K, committed 11072K, reserved 1048576K
GC Heap History (20 events):
Event: 28.086 GC heap before
{Heap before GC invocations=104 (full 2):
 PSYoungGen      total 59392K, used 59318K [0x00000007aab00000, 0x00000007b2980000, 0x0000000800000000)
  eden space 58368K, 100% used [0x00000007aab00000,0x00000007ae400000,0x00000007ae400000)
  from space 1024K, 92% used [0x00000007b2300000,0x00000007b23edba8,0x00000007b2400000)
  to   space 3584K, 0% used [0x00000007b2600000,0x00000007b2600000,0x00000007b2980000)
 ParOldGen       total 86016K, used 77399K [0x0000000700000000, 0x0000000705400000, 0x00000007aab00000)
  object space 86016K, 89% used [0x0000000700000000,0x0000000704b95d80,0x0000000705400000)
 Metaspace       used 52017K, committed 52480K, reserved 1114112K
  class space    used 6698K, committed 6912K, reserved 1048576K
}
Event: 28.088 GC heap after
{Heap after GC invocations=104 (full 2):
 PSYoungGen      total 57856K, used 978K [0x00000007aab00000, 0x00000007b2700000, 0x0000000800000000)
  eden space 56832K, 0% used [0x00000007aab00000,0x00000007aab00000,0x00000007ae280000)
  from space 1024K, 95% used [0x00000007b2600000,0x00000007b26f4970,0x00000007b2700000)
  to   space 3584K, 0% used [0x00000007b2000000,0x00000007b2000000,0x00000007b2380000)
 ParOldGen       total 86016K, used 78199K [0x0000000700000000, 0x0000000705400000, 0x00000007aab00000)
  object space 86016K, 90% used [0x0000000700000000,0x0000000704c5dd80,0x0000000705400000)
 Metaspace       used 52017K, committed 52480K, reserved 1114112K
  class space    used 6698K, committed 6912K, reserved 1048576K
}
Event: 28.245 GC heap before
{Heap before GC invocations=105 (full 2):
 PSYoungGen      total 57856K, used 57810K [0x00000007aab00000, 0x00000007b2700000, 0x0000000800000000)
  eden space 56832K, 100% used [0x00000007aab00000,0x00000007ae280000,0x00000007ae280000)
  from space 1024K, 95% used [0x00000007b2600000,0x00000007b26f4970,0x00000007b2700000)
  to   space 3584K, 0% used [0x00000007b2000000,0x00000007b2000000,0x00000007b2380000)
 ParOldGen       total 86016K, used 78199K [0x0000000700000000, 0x0000000705400000, 0x00000007aab00000)
  object space 86016K, 90% used [0x0000000700000000,0x0000000704c5dd80,0x0000000705400000)
 Metaspace       used 52017K, committed 52480K, reserved 1114112K
  class space    used 6698K, committed 6912K, reserved 1048576K
}
Event: 28.248 GC heap after
{Heap after GC invocations=105 (full 2):
 PSYoungGen      total 72192K, used 1083K [0x00000007aab00000, 0x00000007b2680000, 0x0000000800000000)
  eden space 68608K, 0% used [0x00000007aab00000,0x00000007aab00000,0x00000007aee00000)
  from space 3584K, 30% used [0x00000007b2000000,0x00000007b210ee18,0x00000007b2380000)
  to   space 3072K, 0% used [0x00000007b2380000,0x00000007b2380000,0x00000007b2680000)
 ParOldGen       total 86016K, used 78999K [0x0000000700000000, 0x0000000705400000, 0x00000007aab00000)
  object space 86016K, 91% used [0x0000000700000000,0x0000000704d25d80,0x0000000705400000)
 Metaspace       used 52017K, committed 52480K, reserved 1114112K
  class space    used 6698K, committed 6912K, reserved 1048576K
}
Event: 28.484 GC heap before
{Heap before GC invocations=106 (full 2):
 PSYoungGen      total 72192K, used 69691K [0x00000007aab00000, 0x00000007b2680000, 0x0000000800000000)
  eden space 68608K, 100% used [0x00000007aab00000,0x00000007aee00000,0x00000007aee00000)
  from space 3584K, 30% used [0x00000007b2000000,0x00000007b210ee18,0x00000007b2380000)
  to   space 3072K, 0% used [0x00000007b2380000,0x00000007b2380000,0x00000007b2680000)
 ParOldGen       total 86016K, used 78999K [0x0000000700000000, 0x0000000705400000, 0x00000007aab00000)
  object space 86016K, 91% used [0x0000000700000000,0x0000000704d25d80,0x0000000705400000)
 Metaspace       used 52019K, committed 52480K, reserved 1114112K
  class space    used 6698K, committed 6912K, reserved 1048576K
}
Event: 28.487 GC heap after
{Heap after GC invocations=106 (full 2):
 PSYoungGen      total 83968K, used 1120K [0x00000007aab00000, 0x00000007b2500000, 0x0000000800000000)
  eden space 82432K, 0% used [0x00000007aab00000,0x00000007aab00000,0x00000007afb80000)
  from space 1536K, 72% used [0x00000007b2380000,0x00000007b2498000,0x00000007b2500000)
  to   space 3072K, 0% used [0x00000007b1f00000,0x00000007b1f00000,0x00000007b2200000)
 ParOldGen       total 86016K, used 79930K [0x0000000700000000, 0x0000000705400000, 0x00000007aab00000)
  object space 86016K, 92% used [0x0000000700000000,0x0000000704e0eb98,0x0000000705400000)
 Metaspace       used 52019K, committed 52480K, reserved 1114112K
  class space    used 6698K, committed 6912K, reserved 1048576K
}
Event: 28.732 GC heap before
{Heap before GC invocations=107 (full 2):
 PSYoungGen      total 83968K, used 83552K [0x00000007aab00000, 0x00000007b2500000, 0x0000000800000000)
  eden space 82432K, 100% used [0x00000007aab00000,0x00000007afb80000,0x00000007afb80000)
  from space 1536K, 72% used [0x00000007b2380000,0x00000007b2498000,0x00000007b2500000)
  to   space 3072K, 0% used [0x00000007b1f00000,0x00000007b1f00000,0x00000007b2200000)
 ParOldGen       total 86016K, used 79930K [0x0000000700000000, 0x0000000705400000, 0x00000007aab00000)
  object space 86016K, 92% used [0x0000000700000000,0x0000000704e0eb98,0x0000000705400000)
 Metaspace       used 52020K, committed 52480K, reserved 1114112K
  class space    used 6699K, committed 6912K, reserved 1048576K
}
Event: 28.738 GC heap after
{Heap after GC invocations=107 (full 2):
 PSYoungGen      total 100864K, used 1369K [0x00000007aab00000, 0x00000007b2400000, 0x0000000800000000)
  eden space 99328K, 0% used [0x00000007aab00000,0x00000007aab00000,0x00000007b0c00000)
  from space 1536K, 89% used [0x00000007b1f00000,0x00000007b2056520,0x00000007b2080000)
  to   space 3072K, 0% used [0x00000007b2100000,0x00000007b2100000,0x00000007b2400000)
 ParOldGen       total 86016K, used 80898K [0x0000000700000000, 0x0000000705400000, 0x00000007aab00000)
  object space 86016K, 94% used [0x0000000700000000,0x0000000704f00b98,0x0000000705400000)
 Metaspace       used 52020K, committed 52480K, reserved 1114112K
  class space    used 6699K, committed 6912K, reserved 1048576K
}
Event: 29.075 GC heap before
{Heap before GC invocations=108 (full 2):
 PSYoungGen      total 100864K, used 100697K [0x00000007aab00000, 0x00000007b2400000, 0x0000000800000000)
  eden space 99328K, 100% used [0x00000007aab00000,0x00000007b0c00000,0x00000007b0c00000)
  from space 1536K, 89% used [0x00000007b1f00000,0x00000007b2056520,0x00000007b2080000)
  to   space 3072K, 0% used [0x00000007b2100000,0x00000007b2100000,0x00000007b2400000)
 ParOldGen       total 86016K, used 80898K [0x0000000700000000, 0x0000000705400000, 0x00000007aab00000)
  object space 86016K, 94% used [0x0000000700000000,0x0000000704f00b98,0x0000000705400000)
 Metaspace       used 52020K, committed 52480K, reserved 1114112K
  class space    used 6699K, committed 6912K, reserved 1048576K
}
Event: 29.080 GC heap after
{Heap after GC invocations=108 (full 2):
 PSYoungGen      total 120832K, used 1472K [0x00000007aab00000, 0x00000007b2580000, 0x0000000800000000)
  eden space 117760K, 0% used [0x00000007aab00000,0x00000007aab00000,0x00000007b1e00000)
  from space 3072K, 47% used [0x00000007b2100000,0x00000007b2270000,0x00000007b2400000)
  to   space 3072K, 0% used [0x00000007b1e00000,0x00000007b1e00000,0x00000007b2100000)
 ParOldGen       total 86016K, used 82204K [0x0000000700000000, 0x0000000705400000, 0x00000007aab00000)
  object space 86016K, 95% used [0x0000000700000000,0x00000007050470b8,0x0000000705400000)
 Metaspace       used 52020K, committed 52480K, reserved 1114112K
  class space    used 6699K, committed 6912K, reserved 1048576K
}
Event: 29.782 GC heap before
{Heap before GC invocations=109 (full 2):
 PSYoungGen      total 120832K, used 119232K [0x00000007aab00000, 0x00000007b2580000, 0x0000000800000000)
  eden space 117760K, 100% used [0x00000007aab00000,0x00000007b1e00000,0x00000007b1e00000)
  from space 3072K, 47% used [0x00000007b2100000,0x00000007b2270000,0x00000007b2400000)
  to   space 3072K, 0% used [0x00000007b1e00000,0x00000007b1e00000,0x00000007b2100000)
 ParOldGen       total 86016K, used 82204K [0x0000000700000000, 0x0000000705400000, 0x00000007aab00000)
  object space 86016K, 95% used [0x0000000700000000,0x00000007050470b8,0x0000000705400000)
 Metaspace       used 52102K, committed 52480K, reserved 1114112K
  class space    used 6713K, committed 6912K, reserved 1048576K
}
Event: 29.789 GC heap after
{Heap after GC invocations=109 (full 2):
 PSYoungGen      total 120832K, used 832K [0x00000007aab00000, 0x00000007b3b00000, 0x0000000800000000)
  eden space 117760K, 0% used [0x00000007aab00000,0x00000007aab00000,0x00000007b1e00000)
  from space 3072K, 27% used [0x00000007b1e00000,0x00000007b1ed0000,0x00000007b2100000)
  to   space 3072K, 0% used [0x00000007b3800000,0x00000007b3800000,0x00000007b3b00000)
 ParOldGen       total 86016K, used 83588K [0x0000000700000000, 0x0000000705400000, 0x00000007aab00000)
  object space 86016K, 97% used [0x0000000700000000,0x00000007051a10b8,0x0000000705400000)
 Metaspace       used 52102K, committed 52480K, reserved 1114112K
  class space    used 6713K, committed 6912K, reserved 1048576K
}
Event: 29.789 GC heap before
{Heap before GC invocations=110 (full 3):
 PSYoungGen      total 120832K, used 832K [0x00000007aab00000, 0x00000007b3b00000, 0x0000000800000000)
  eden space 117760K, 0% used [0x00000007aab00000,0x00000007aab00000,0x00000007b1e00000)
  from space 3072K, 27% used [0x00000007b1e00000,0x00000007b1ed0000,0x00000007b2100000)
  to   space 3072K, 0% used [0x00000007b3800000,0x00000007b3800000,0x00000007b3b00000)
 ParOldGen       total 86016K, used 83588K [0x0000000700000000, 0x0000000705400000, 0x00000007aab00000)
  object space 86016K, 97% used [0x0000000700000000,0x00000007051a10b8,0x0000000705400000)
 Metaspace       used 52102K, committed 52480K, reserved 1114112K
  class space    used 6713K, committed 6912K, reserved 1048576K
}
Event: 29.883 GC heap after
{Heap after GC invocations=110 (full 3):
 PSYoungGen      total 137216K, used 0K [0x00000007aab00000, 0x00000007b3880000, 0x0000000800000000)
  eden space 136704K, 0% used [0x00000007aab00000,0x00000007aab00000,0x00000007b3080000)
  from space 512K, 0% used [0x00000007b3800000,0x00000007b3800000,0x00000007b3880000)
  to   space 3072K, 0% used [0x00000007b3280000,0x00000007b3280000,0x00000007b3580000)
 ParOldGen       total 71168K, used 28230K [0x0000000700000000, 0x0000000704580000, 0x00000007aab00000)
  object space 71168K, 39% used [0x0000000700000000,0x0000000701b918f0,0x0000000704580000)
 Metaspace       used 52102K, committed 52480K, reserved 1114112K
  class space    used 6713K, committed 6912K, reserved 1048576K
}
Event: 30.719 GC heap before
{Heap before GC invocations=111 (full 3):
 PSYoungGen      total 137216K, used 136704K [0x00000007aab00000, 0x00000007b3880000, 0x0000000800000000)
  eden space 136704K, 100% used [0x00000007aab00000,0x00000007b3080000,0x00000007b3080000)
  from space 512K, 0% used [0x00000007b3800000,0x00000007b3800000,0x00000007b3880000)
  to   space 3072K, 0% used [0x00000007b3280000,0x00000007b3280000,0x00000007b3580000)
 ParOldGen       total 71168K, used 28230K [0x0000000700000000, 0x0000000704580000, 0x00000007aab00000)
  object space 71168K, 39% used [0x0000000700000000,0x0000000701b918f0,0x0000000704580000)
 Metaspace       used 52102K, committed 52480K, reserved 1114112K
  class space    used 6713K, committed 6912K, reserved 1048576K
}
Event: 30.721 GC heap after
{Heap after GC invocations=111 (full 3):
 PSYoungGen      total 141824K, used 432K [0x00000007aab00000, 0x00000007b4a80000, 0x0000000800000000)
  eden space 138752K, 0% used [0x00000007aab00000,0x00000007aab00000,0x00000007b3280000)
  from space 3072K, 14% used [0x00000007b3280000,0x00000007b32ec120,0x00000007b3580000)
  to   space 3072K, 0% used [0x00000007b4780000,0x00000007b4780000,0x00000007b4a80000)
 ParOldGen       total 71168K, used 28230K [0x0000000700000000, 0x0000000704580000, 0x00000007aab00000)
  object space 71168K, 39% used [0x0000000700000000,0x0000000701b918f0,0x0000000704580000)
 Metaspace       used 52102K, committed 52480K, reserved 1114112K
  class space    used 6713K, committed 6912K, reserved 1048576K
}
Event: 31.473 GC heap before
{Heap before GC invocations=112 (full 3):
 PSYoungGen      total 141824K, used 139184K [0x00000007aab00000, 0x00000007b4a80000, 0x0000000800000000)
  eden space 138752K, 100% used [0x00000007aab00000,0x00000007b3280000,0x00000007b3280000)
  from space 3072K, 14% used [0x00000007b3280000,0x00000007b32ec120,0x00000007b3580000)
  to   space 3072K, 0% used [0x00000007b4780000,0x00000007b4780000,0x00000007b4a80000)
 ParOldGen       total 71168K, used 28230K [0x0000000700000000, 0x0000000704580000, 0x00000007aab00000)
  object space 71168K, 39% used [0x0000000700000000,0x0000000701b918f0,0x0000000704580000)
 Metaspace       used 52102K, committed 52480K, reserved 1114112K
  class space    used 6713K, committed 6912K, reserved 1048576K
}
Event: 31.474 GC heap after
{Heap after GC invocations=112 (full 3):
 PSYoungGen      total 160256K, used 256K [0x00000007aab00000, 0x00000007b4b80000, 0x0000000800000000)
  eden space 157184K, 0% used [0x00000007aab00000,0x00000007aab00000,0x00000007b4480000)
  from space 3072K, 8% used [0x00000007b4780000,0x00000007b47c0000,0x00000007b4a80000)
  to   space 3072K, 0% used [0x00000007b4480000,0x00000007b4480000,0x00000007b4780000)
 ParOldGen       total 71168K, used 28446K [0x0000000700000000, 0x0000000704580000, 0x00000007aab00000)
  object space 71168K, 39% used [0x0000000700000000,0x0000000701bc7a10,0x0000000704580000)
 Metaspace       used 52102K, committed 52480K, reserved 1114112K
  class space    used 6713K, committed 6912K, reserved 1048576K
}
Event: 34.951 GC heap before
{Heap before GC invocations=113 (full 3):
 PSYoungGen      total 160256K, used 157440K [0x00000007aab00000, 0x00000007b4b80000, 0x0000000800000000)
  eden space 157184K, 100% used [0x00000007aab00000,0x00000007b4480000,0x00000007b4480000)
  from space 3072K, 8% used [0x00000007b4780000,0x00000007b47c0000,0x00000007b4a80000)
  to   space 3072K, 0% used [0x00000007b4480000,0x00000007b4480000,0x00000007b4780000)
 ParOldGen       total 71168K, used 28446K [0x0000000700000000, 0x0000000704580000, 0x00000007aab00000)
  object space 71168K, 39% used [0x0000000700000000,0x0000000701bc7a10,0x0000000704580000)
 Metaspace       used 69770K, committed 70336K, reserved 1114112K
  class space    used 9472K, committed 9728K, reserved 1048576K
}
Event: 34.970 GC heap after
{Heap after GC invocations=113 (full 3):
 PSYoungGen      total 160256K, used 3056K [0x00000007aab00000, 0x00000007b6a80000, 0x0000000800000000)
  eden space 157184K, 0% used [0x00000007aab00000,0x00000007aab00000,0x00000007b4480000)
  from space 3072K, 99% used [0x00000007b4480000,0x00000007b477c390,0x00000007b4780000)
  to   space 8704K, 0% used [0x00000007b6200000,0x00000007b6200000,0x00000007b6a80000)
 ParOldGen       total 71168K, used 42386K [0x0000000700000000, 0x0000000704580000, 0x00000007aab00000)
  object space 71168K, 59% used [0x0000000700000000,0x0000000702964af8,0x0000000704580000)
 Metaspace       used 69770K, committed 70336K, reserved 1114112K
  class space    used 9472K, committed 9728K, reserved 1048576K
}

