# JRE version: OpenJDK Runtime Environment (17.0.11) (build 17.0.11+0--11852314)
# Java VM: OpenJDK 64-Bit Server VM (17.0.11+0--11852314, mixed mode, tiered, compressed oops, compressed class ptrs, g1 gc, windows-amd64)
GC Precious Log:
 CPUs: 8 total, 8 available
 Memory: 7991M
 Large Page Support: Disabled
 NUMA Support: Disabled
 Compressed Oops: Enabled (32-bit)
 Heap Region Size: 1M
 Heap Min Capacity: 8M
 Heap Initial Capacity: 126M
 Heap Max Capacity: 2G
 Pre-touch: Disabled
 Parallel Workers: 8
 Concurrent Workers: 2
 Concurrent Refinement Workers: 8
 Periodic GC: Disabled
Heap:
 garbage-first heap   total 365568K, used 212433K [0x0000000080000000, 0x0000000100000000)
  region size 1024K, 12 young (12288K), 4 survivors (4096K)
 Metaspace       used 122599K, committed 123584K, reserved 1179648K
  class space    used 16589K, committed 17088K, reserved 1048576K
GC Heap History (20 events):
Event: 10.430 GC heap before
{Heap before GC invocations=40 (full 0):
 garbage-first heap   total 356352K, used 288700K [0x0000000080000000, 0x0000000100000000)
  region size 1024K, 146 young (149504K), 19 survivors (19456K)
 Metaspace       used 102733K, committed 103616K, reserved 1179648K
  class space    used 14221K, committed 14656K, reserved 1048576K
}
Event: 10.439 GC heap after
{Heap after GC invocations=41 (full 0):
 garbage-first heap   total 356352K, used 165424K [0x0000000080000000, 0x0000000100000000)
  region size 1024K, 10 young (10240K), 10 survivors (10240K)
 Metaspace       used 102733K, committed 103616K, reserved 1179648K
  class space    used 14221K, committed 14656K, reserved 1048576K
}
Event: 11.060 GC heap before
{Heap before GC invocations=41 (full 0):
 garbage-first heap   total 356352K, used 291376K [0x0000000080000000, 0x0000000100000000)
  region size 1024K, 133 young (136192K), 10 survivors (10240K)
 Metaspace       used 102733K, committed 103616K, reserved 1179648K
  class space    used 14221K, committed 14656K, reserved 1048576K
}
Event: 11.066 GC heap after
{Heap after GC invocations=42 (full 0):
 garbage-first heap   total 356352K, used 169643K [0x0000000080000000, 0x0000000100000000)
  region size 1024K, 14 young (14336K), 14 survivors (14336K)
 Metaspace       used 102733K, committed 103616K, reserved 1179648K
  class space    used 14221K, committed 14656K, reserved 1048576K
}
Event: 11.444 GC heap before
{Heap before GC invocations=42 (full 0):
 garbage-first heap   total 356352K, used 292523K [0x0000000080000000, 0x0000000100000000)
  region size 1024K, 134 young (137216K), 14 survivors (14336K)
 Metaspace       used 102767K, committed 103616K, reserved 1179648K
  class space    used 14228K, committed 14656K, reserved 1048576K
}
Event: 11.451 GC heap after
{Heap after GC invocations=43 (full 0):
 garbage-first heap   total 356352K, used 175494K [0x0000000080000000, 0x0000000100000000)
  region size 1024K, 14 young (14336K), 14 survivors (14336K)
 Metaspace       used 102767K, committed 103616K, reserved 1179648K
  class space    used 14228K, committed 14656K, reserved 1048576K
}
Event: 11.788 GC heap before
{Heap before GC invocations=43 (full 0):
 garbage-first heap   total 356352K, used 293254K [0x0000000080000000, 0x0000000100000000)
  region size 1024K, 130 young (133120K), 14 survivors (14336K)
 Metaspace       used 103220K, committed 104064K, reserved 1179648K
  class space    used 14283K, committed 14656K, reserved 1048576K
}
Event: 11.796 GC heap after
{Heap after GC invocations=44 (full 0):
 garbage-first heap   total 356352K, used 181247K [0x0000000080000000, 0x0000000100000000)
  region size 1024K, 14 young (14336K), 14 survivors (14336K)
 Metaspace       used 103220K, committed 104064K, reserved 1179648K
  class space    used 14283K, committed 14656K, reserved 1048576K
}
Event: 12.714 GC heap before
{Heap before GC invocations=45 (full 0):
 garbage-first heap   total 356352K, used 296959K [0x0000000080000000, 0x0000000100000000)
  region size 1024K, 126 young (129024K), 14 survivors (14336K)
 Metaspace       used 114405K, committed 115264K, reserved 1179648K
  class space    used 15706K, committed 16128K, reserved 1048576K
}
Event: 12.722 GC heap after
{Heap after GC invocations=46 (full 0):
 garbage-first heap   total 356352K, used 186713K [0x0000000080000000, 0x0000000100000000)
  region size 1024K, 14 young (14336K), 14 survivors (14336K)
 Metaspace       used 114405K, committed 115264K, reserved 1179648K
  class space    used 15706K, committed 16128K, reserved 1048576K
}
Event: 12.753 GC heap before
{Heap before GC invocations=46 (full 0):
 garbage-first heap   total 356352K, used 189785K [0x0000000080000000, 0x0000000100000000)
  region size 1024K, 17 young (17408K), 14 survivors (14336K)
 Metaspace       used 114728K, committed 115584K, reserved 1179648K
  class space    used 15745K, committed 16192K, reserved 1048576K
}
Event: 12.760 GC heap after
{Heap after GC invocations=47 (full 0):
 garbage-first heap   total 356352K, used 186394K [0x0000000080000000, 0x0000000100000000)
  region size 1024K, 2 young (2048K), 2 survivors (2048K)
 Metaspace       used 114728K, committed 115584K, reserved 1179648K
  class space    used 15745K, committed 16192K, reserved 1048576K
}
Event: 13.286 GC heap before
{Heap before GC invocations=47 (full 0):
 garbage-first heap   total 356352K, used 302106K [0x0000000080000000, 0x0000000100000000)
  region size 1024K, 111 young (113664K), 2 survivors (2048K)
 Metaspace       used 117160K, committed 118080K, reserved 1179648K
  class space    used 15925K, committed 16384K, reserved 1048576K
}
Event: 13.293 GC heap after
{Heap after GC invocations=48 (full 0):
 garbage-first heap   total 356352K, used 194137K [0x0000000080000000, 0x0000000100000000)
  region size 1024K, 10 young (10240K), 10 survivors (10240K)
 Metaspace       used 117160K, committed 118080K, reserved 1179648K
  class space    used 15925K, committed 16384K, reserved 1048576K
}
Event: 13.946 GC heap before
{Heap before GC invocations=49 (full 0):
 garbage-first heap   total 365568K, used 294489K [0x0000000080000000, 0x0000000100000000)
  region size 1024K, 109 young (111616K), 10 survivors (10240K)
 Metaspace       used 120352K, committed 121344K, reserved 1179648K
  class space    used 16290K, committed 16768K, reserved 1048576K
}
Event: 13.954 GC heap after
{Heap after GC invocations=50 (full 0):
 garbage-first heap   total 365568K, used 203296K [0x0000000080000000, 0x0000000100000000)
  region size 1024K, 11 young (11264K), 11 survivors (11264K)
 Metaspace       used 120352K, committed 121344K, reserved 1179648K
  class space    used 16290K, committed 16768K, reserved 1048576K
}
Event: 14.015 GC heap before
{Heap before GC invocations=50 (full 0):
 garbage-first heap   total 365568K, used 209440K [0x0000000080000000, 0x0000000100000000)
  region size 1024K, 17 young (17408K), 11 survivors (11264K)
 Metaspace       used 120632K, committed 121536K, reserved 1179648K
  class space    used 16326K, committed 16768K, reserved 1048576K
}
Event: 14.022 GC heap after
{Heap after GC invocations=51 (full 0):
 garbage-first heap   total 365568K, used 203519K [0x0000000080000000, 0x0000000100000000)
  region size 1024K, 2 young (2048K), 2 survivors (2048K)
 Metaspace       used 120632K, committed 121536K, reserved 1179648K
  class space    used 16326K, committed 16768K, reserved 1048576K
}
Event: 25.822 GC heap before
{Heap before GC invocations=51 (full 0):
 garbage-first heap   total 365568K, used 302847K [0x0000000080000000, 0x0000000100000000)
  region size 1024K, 99 young (101376K), 2 survivors (2048K)
 Metaspace       used 122520K, committed 123584K, reserved 1179648K
  class space    used 16582K, committed 17088K, reserved 1048576K
}
Event: 25.829 GC heap after
{Heap after GC invocations=52 (full 0):
 garbage-first heap   total 365568K, used 205265K [0x0000000080000000, 0x0000000100000000)
  region size 1024K, 4 young (4096K), 4 survivors (4096K)
 Metaspace       used 122520K, committed 123584K, reserved 1179648K
  class space    used 16582K, committed 17088K, reserved 1048576K
}

