# JRE version: OpenJDK Runtime Environment (17.0.11) (build 17.0.11+0--11852314)
# Java VM: OpenJDK 64-Bit Server VM (17.0.11+0--11852314, mixed mode, tiered, compressed oops, compressed class ptrs, parallel gc, windows-amd64)
GC Precious Log:
 CPUs: 8 total, 8 available
 Memory: 7991M
 Large Page Support: Disabled
 NUMA Support: Disabled
 Compressed Oops: Enabled (Zero based)
 Alignments: Space 512K, Generation 512K, Heap 2M
 Heap Min Capacity: 8M
 Heap Initial Capacity: 126M
 Heap Max Capacity: 4G
 Pre-touch: Disabled
 Parallel Workers: 8
Heap:
 PSYoungGen      total 251392K, used 131188K [0x00000007aab00000, 0x00000007c0280000, 0x0000000800000000)
  eden space 201216K, 64% used [0x00000007aab00000,0x00000007b29255f0,0x00000007b6f80000)
  from space 50176K, 4% used [0x00000007ba400000,0x00000007ba5f7e00,0x00000007bd500000)
  to   space 53760K, 0% used [0x00000007b6f80000,0x00000007b6f80000,0x00000007ba400000)
 ParOldGen       total 278016K, used 161069K [0x0000000700000000, 0x0000000710f80000, 0x00000007aab00000)
  object space 278016K, 57% used [0x0000000700000000,0x0000000709d4b4f0,0x0000000710f80000)
 Metaspace       used 142382K, committed 143424K, reserved 1179648K
  class space    used 19463K, committed 19968K, reserved 1048576K
GC Heap History (20 events):
Event: 9.201 GC heap before
{Heap before GC invocations=21 (full 4):
 PSYoungGen      total 158208K, used 142927K [0x00000007aab00000, 0x00000007b5e80000, 0x0000000800000000)
  eden space 134144K, 100% used [0x00000007aab00000,0x00000007b2e00000,0x00000007b2e00000)
  from space 24064K, 36% used [0x00000007b4480000,0x00000007b4d13cb8,0x00000007b5c00000)
  to   space 23040K, 0% used [0x00000007b2e00000,0x00000007b2e00000,0x00000007b4480000)
 ParOldGen       total 161280K, used 92265K [0x0000000700000000, 0x0000000709d80000, 0x00000007aab00000)
  object space 161280K, 57% used [0x0000000700000000,0x0000000705a1a6f8,0x0000000709d80000)
 Metaspace       used 90946K, committed 91712K, reserved 1179648K
  class space    used 12540K, committed 12928K, reserved 1048576K
}
Event: 9.207 GC heap after
{Heap after GC invocations=21 (full 4):
 PSYoungGen      total 157184K, used 13975K [0x00000007aab00000, 0x00000007b6d00000, 0x0000000800000000)
  eden space 134144K, 0% used [0x00000007aab00000,0x00000007aab00000,0x00000007b2e00000)
  from space 23040K, 60% used [0x00000007b2e00000,0x00000007b3ba5f58,0x00000007b4480000)
  to   space 23040K, 0% used [0x00000007b5680000,0x00000007b5680000,0x00000007b6d00000)
 ParOldGen       total 161280K, used 92273K [0x0000000700000000, 0x0000000709d80000, 0x00000007aab00000)
  object space 161280K, 57% used [0x0000000700000000,0x0000000705a1c6f8,0x0000000709d80000)
 Metaspace       used 90946K, committed 91712K, reserved 1179648K
  class space    used 12540K, committed 12928K, reserved 1048576K
}
Event: 10.219 GC heap before
{Heap before GC invocations=22 (full 4):
 PSYoungGen      total 157184K, used 148119K [0x00000007aab00000, 0x00000007b6d00000, 0x0000000800000000)
  eden space 134144K, 100% used [0x00000007aab00000,0x00000007b2e00000,0x00000007b2e00000)
  from space 23040K, 60% used [0x00000007b2e00000,0x00000007b3ba5f58,0x00000007b4480000)
  to   space 23040K, 0% used [0x00000007b5680000,0x00000007b5680000,0x00000007b6d00000)
 ParOldGen       total 161280K, used 92273K [0x0000000700000000, 0x0000000709d80000, 0x00000007aab00000)
  object space 161280K, 57% used [0x0000000700000000,0x0000000705a1c6f8,0x0000000709d80000)
 Metaspace       used 101028K, committed 101888K, reserved 1179648K
  class space    used 14006K, committed 14400K, reserved 1048576K
}
Event: 10.231 GC heap after
{Heap after GC invocations=22 (full 4):
 PSYoungGen      total 167424K, used 23014K [0x00000007aab00000, 0x00000007b7e80000, 0x0000000800000000)
  eden space 144384K, 0% used [0x00000007aab00000,0x00000007aab00000,0x00000007b3800000)
  from space 23040K, 99% used [0x00000007b5680000,0x00000007b6cf9900,0x00000007b6d00000)
  to   space 31232K, 0% used [0x00000007b3800000,0x00000007b3800000,0x00000007b5680000)
 ParOldGen       total 161280K, used 104509K [0x0000000700000000, 0x0000000709d80000, 0x00000007aab00000)
  object space 161280K, 64% used [0x0000000700000000,0x000000070660f5e8,0x0000000709d80000)
 Metaspace       used 101028K, committed 101888K, reserved 1179648K
  class space    used 14006K, committed 14400K, reserved 1048576K
}
Event: 11.892 GC heap before
{Heap before GC invocations=23 (full 4):
 PSYoungGen      total 167424K, used 167398K [0x00000007aab00000, 0x00000007b7e80000, 0x0000000800000000)
  eden space 144384K, 100% used [0x00000007aab00000,0x00000007b3800000,0x00000007b3800000)
  from space 23040K, 99% used [0x00000007b5680000,0x00000007b6cf9900,0x00000007b6d00000)
  to   space 31232K, 0% used [0x00000007b3800000,0x00000007b3800000,0x00000007b5680000)
 ParOldGen       total 161280K, used 104509K [0x0000000700000000, 0x0000000709d80000, 0x00000007aab00000)
  object space 161280K, 64% used [0x0000000700000000,0x000000070660f5e8,0x0000000709d80000)
 Metaspace       used 115170K, committed 116032K, reserved 1179648K
  class space    used 15643K, committed 16064K, reserved 1048576K
}
Event: 11.904 GC heap after
{Heap after GC invocations=23 (full 4):
 PSYoungGen      total 175616K, used 23987K [0x00000007aab00000, 0x00000007b8e00000, 0x0000000800000000)
  eden space 144384K, 0% used [0x00000007aab00000,0x00000007aab00000,0x00000007b3800000)
  from space 31232K, 76% used [0x00000007b3800000,0x00000007b4f6cca0,0x00000007b5680000)
  to   space 33792K, 0% used [0x00000007b6d00000,0x00000007b6d00000,0x00000007b8e00000)
 ParOldGen       total 161280K, used 112880K [0x0000000700000000, 0x0000000709d80000, 0x00000007aab00000)
  object space 161280K, 69% used [0x0000000700000000,0x0000000706e3c070,0x0000000709d80000)
 Metaspace       used 115170K, committed 116032K, reserved 1179648K
  class space    used 15643K, committed 16064K, reserved 1048576K
}
Event: 13.001 GC heap before
{Heap before GC invocations=24 (full 4):
 PSYoungGen      total 175616K, used 168371K [0x00000007aab00000, 0x00000007b8e00000, 0x0000000800000000)
  eden space 144384K, 100% used [0x00000007aab00000,0x00000007b3800000,0x00000007b3800000)
  from space 31232K, 76% used [0x00000007b3800000,0x00000007b4f6cca0,0x00000007b5680000)
  to   space 33792K, 0% used [0x00000007b6d00000,0x00000007b6d00000,0x00000007b8e00000)
 ParOldGen       total 161280K, used 112880K [0x0000000700000000, 0x0000000709d80000, 0x00000007aab00000)
  object space 161280K, 69% used [0x0000000700000000,0x0000000706e3c070,0x0000000709d80000)
 Metaspace       used 116843K, committed 117760K, reserved 1179648K
  class space    used 15846K, committed 16256K, reserved 1048576K
}
Event: 13.015 GC heap after
{Heap after GC invocations=24 (full 4):
 PSYoungGen      total 193536K, used 31784K [0x00000007aab00000, 0x00000007b9a00000, 0x0000000800000000)
  eden space 159744K, 0% used [0x00000007aab00000,0x00000007aab00000,0x00000007b4700000)
  from space 33792K, 94% used [0x00000007b6d00000,0x00000007b8c0a398,0x00000007b8e00000)
  to   space 38912K, 0% used [0x00000007b4700000,0x00000007b4700000,0x00000007b6d00000)
 ParOldGen       total 161280K, used 112888K [0x0000000700000000, 0x0000000709d80000, 0x00000007aab00000)
  object space 161280K, 69% used [0x0000000700000000,0x0000000706e3e070,0x0000000709d80000)
 Metaspace       used 116843K, committed 117760K, reserved 1179648K
  class space    used 15846K, committed 16256K, reserved 1048576K
}
Event: 15.599 GC heap before
{Heap before GC invocations=25 (full 4):
 PSYoungGen      total 193536K, used 191528K [0x00000007aab00000, 0x00000007b9a00000, 0x0000000800000000)
  eden space 159744K, 100% used [0x00000007aab00000,0x00000007b4700000,0x00000007b4700000)
  from space 33792K, 94% used [0x00000007b6d00000,0x00000007b8c0a398,0x00000007b8e00000)
  to   space 38912K, 0% used [0x00000007b4700000,0x00000007b4700000,0x00000007b6d00000)
 ParOldGen       total 161280K, used 112888K [0x0000000700000000, 0x0000000709d80000, 0x00000007aab00000)
  object space 161280K, 69% used [0x0000000700000000,0x0000000706e3e070,0x0000000709d80000)
 Metaspace       used 121043K, committed 121984K, reserved 1179648K
  class space    used 16320K, committed 16768K, reserved 1048576K
}
Event: 15.618 GC heap after
{Heap after GC invocations=25 (full 4):
 PSYoungGen      total 198656K, used 38904K [0x00000007aab00000, 0x00000007bb980000, 0x0000000800000000)
  eden space 159744K, 0% used [0x00000007aab00000,0x00000007aab00000,0x00000007b4700000)
  from space 38912K, 99% used [0x00000007b4700000,0x00000007b6cfe078,0x00000007b6d00000)
  to   space 46592K, 0% used [0x00000007b8c00000,0x00000007b8c00000,0x00000007bb980000)
 ParOldGen       total 161280K, used 117088K [0x0000000700000000, 0x0000000709d80000, 0x00000007aab00000)
  object space 161280K, 72% used [0x0000000700000000,0x00000007072582c8,0x0000000709d80000)
 Metaspace       used 121043K, committed 121984K, reserved 1179648K
  class space    used 16320K, committed 16768K, reserved 1048576K
}
Event: 19.154 GC heap before
{Heap before GC invocations=26 (full 4):
 PSYoungGen      total 198656K, used 198648K [0x00000007aab00000, 0x00000007bb980000, 0x0000000800000000)
  eden space 159744K, 100% used [0x00000007aab00000,0x00000007b4700000,0x00000007b4700000)
  from space 38912K, 99% used [0x00000007b4700000,0x00000007b6cfe078,0x00000007b6d00000)
  to   space 46592K, 0% used [0x00000007b8c00000,0x00000007b8c00000,0x00000007bb980000)
 ParOldGen       total 161280K, used 117088K [0x0000000700000000, 0x0000000709d80000, 0x00000007aab00000)
  object space 161280K, 72% used [0x0000000700000000,0x00000007072582c8,0x0000000709d80000)
 Metaspace       used 121051K, committed 121984K, reserved 1179648K
  class space    used 16320K, committed 16768K, reserved 1048576K
}
Event: 19.177 GC heap after
{Heap after GC invocations=26 (full 4):
 PSYoungGen      total 228352K, used 26349K [0x00000007aab00000, 0x00000007bb900000, 0x0000000800000000)
  eden space 182272K, 0% used [0x00000007aab00000,0x00000007aab00000,0x00000007b5d00000)
  from space 46080K, 57% used [0x00000007b8c00000,0x00000007ba5bb570,0x00000007bb900000)
  to   space 47104K, 0% used [0x00000007b5d00000,0x00000007b5d00000,0x00000007b8b00000)
 ParOldGen       total 161280K, used 138809K [0x0000000700000000, 0x0000000709d80000, 0x00000007aab00000)
  object space 161280K, 86% used [0x0000000700000000,0x000000070878e778,0x0000000709d80000)
 Metaspace       used 121051K, committed 121984K, reserved 1179648K
  class space    used 16320K, committed 16768K, reserved 1048576K
}
Event: 23.461 GC heap before
{Heap before GC invocations=27 (full 4):
 PSYoungGen      total 228352K, used 208621K [0x00000007aab00000, 0x00000007bb900000, 0x0000000800000000)
  eden space 182272K, 100% used [0x00000007aab00000,0x00000007b5d00000,0x00000007b5d00000)
  from space 46080K, 57% used [0x00000007b8c00000,0x00000007ba5bb570,0x00000007bb900000)
  to   space 47104K, 0% used [0x00000007b5d00000,0x00000007b5d00000,0x00000007b8b00000)
 ParOldGen       total 161280K, used 138809K [0x0000000700000000, 0x0000000709d80000, 0x00000007aab00000)
  object space 161280K, 86% used [0x0000000700000000,0x000000070878e778,0x0000000709d80000)
 Metaspace       used 121051K, committed 121984K, reserved 1179648K
  class space    used 16320K, committed 16768K, reserved 1048576K
}
Event: 23.474 GC heap after
{Heap after GC invocations=27 (full 4):
 PSYoungGen      total 229376K, used 34973K [0x00000007aab00000, 0x00000007bd500000, 0x0000000800000000)
  eden space 182272K, 0% used [0x00000007aab00000,0x00000007aab00000,0x00000007b5d00000)
  from space 47104K, 74% used [0x00000007b5d00000,0x00000007b7f27560,0x00000007b8b00000)
  to   space 50176K, 0% used [0x00000007ba400000,0x00000007ba400000,0x00000007bd500000)
 ParOldGen       total 161280K, used 138817K [0x0000000700000000, 0x0000000709d80000, 0x00000007aab00000)
  object space 161280K, 86% used [0x0000000700000000,0x0000000708790778,0x0000000709d80000)
 Metaspace       used 121051K, committed 121984K, reserved 1179648K
  class space    used 16320K, committed 16768K, reserved 1048576K
}
Event: 24.680 GC heap before
{Heap before GC invocations=28 (full 4):
 PSYoungGen      total 229376K, used 117392K [0x00000007aab00000, 0x00000007bd500000, 0x0000000800000000)
  eden space 182272K, 45% used [0x00000007aab00000,0x00000007afb7cc28,0x00000007b5d00000)
  from space 47104K, 74% used [0x00000007b5d00000,0x00000007b7f27560,0x00000007b8b00000)
  to   space 50176K, 0% used [0x00000007ba400000,0x00000007ba400000,0x00000007bd500000)
 ParOldGen       total 161280K, used 138817K [0x0000000700000000, 0x0000000709d80000, 0x00000007aab00000)
  object space 161280K, 86% used [0x0000000700000000,0x0000000708790778,0x0000000709d80000)
 Metaspace       used 122614K, committed 123520K, reserved 1179648K
  class space    used 16500K, committed 16960K, reserved 1048576K
}
Event: 24.697 GC heap after
{Heap after GC invocations=28 (full 4):
 PSYoungGen      total 251392K, used 37590K [0x00000007aab00000, 0x00000007bdc00000, 0x0000000800000000)
  eden space 201216K, 0% used [0x00000007aab00000,0x00000007aab00000,0x00000007b6f80000)
  from space 50176K, 74% used [0x00000007ba400000,0x00000007bc8b5a30,0x00000007bd500000)
  to   space 53760K, 0% used [0x00000007b6f80000,0x00000007b6f80000,0x00000007ba400000)
 ParOldGen       total 161280K, used 138825K [0x0000000700000000, 0x0000000709d80000, 0x00000007aab00000)
  object space 161280K, 86% used [0x0000000700000000,0x0000000708792778,0x0000000709d80000)
 Metaspace       used 122614K, committed 123520K, reserved 1179648K
  class space    used 16500K, committed 16960K, reserved 1048576K
}
Event: 24.697 GC heap before
{Heap before GC invocations=29 (full 5):
 PSYoungGen      total 251392K, used 37590K [0x00000007aab00000, 0x00000007bdc00000, 0x0000000800000000)
  eden space 201216K, 0% used [0x00000007aab00000,0x00000007aab00000,0x00000007b6f80000)
  from space 50176K, 74% used [0x00000007ba400000,0x00000007bc8b5a30,0x00000007bd500000)
  to   space 53760K, 0% used [0x00000007b6f80000,0x00000007b6f80000,0x00000007ba400000)
 ParOldGen       total 161280K, used 138825K [0x0000000700000000, 0x0000000709d80000, 0x00000007aab00000)
  object space 161280K, 86% used [0x0000000700000000,0x0000000708792778,0x0000000709d80000)
 Metaspace       used 122614K, committed 123520K, reserved 1179648K
  class space    used 16500K, committed 16960K, reserved 1048576K
}
Event: 24.841 GC heap after
{Heap after GC invocations=29 (full 5):
 PSYoungGen      total 251392K, used 11846K [0x00000007aab00000, 0x00000007bdc00000, 0x0000000800000000)
  eden space 201216K, 0% used [0x00000007aab00000,0x00000007aab00000,0x00000007b6f80000)
  from space 50176K, 23% used [0x00000007ba400000,0x00000007baf918e0,0x00000007bd500000)
  to   space 53760K, 0% used [0x00000007b6f80000,0x00000007b6f80000,0x00000007ba400000)
 ParOldGen       total 161280K, used 160852K [0x0000000700000000, 0x0000000709d80000, 0x00000007aab00000)
  object space 161280K, 99% used [0x0000000700000000,0x0000000709d15110,0x0000000709d80000)
 Metaspace       used 122607K, committed 123520K, reserved 1179648K
  class space    used 16498K, committed 16960K, reserved 1048576K
}
Event: 65.579 GC heap before
{Heap before GC invocations=30 (full 6):
 PSYoungGen      total 251392K, used 213062K [0x00000007aab00000, 0x00000007bdc00000, 0x0000000800000000)
  eden space 201216K, 100% used [0x00000007aab00000,0x00000007b6f80000,0x00000007b6f80000)
  from space 50176K, 23% used [0x00000007ba400000,0x00000007baf918e0,0x00000007bd500000)
  to   space 53760K, 0% used [0x00000007b6f80000,0x00000007b6f80000,0x00000007ba400000)
 ParOldGen       total 161280K, used 160852K [0x0000000700000000, 0x0000000709d80000, 0x00000007aab00000)
  object space 161280K, 99% used [0x0000000700000000,0x0000000709d15110,0x0000000709d80000)
 Metaspace       used 133945K, committed 135104K, reserved 1179648K
  class space    used 18406K, committed 18944K, reserved 1048576K
}
Event: 65.749 GC heap after
{Heap after GC invocations=30 (full 6):
 PSYoungGen      total 251392K, used 2015K [0x00000007aab00000, 0x00000007c0280000, 0x0000000800000000)
  eden space 201216K, 0% used [0x00000007aab00000,0x00000007aab00000,0x00000007b6f80000)
  from space 50176K, 4% used [0x00000007ba400000,0x00000007ba5f7e00,0x00000007bd500000)
  to   space 53760K, 0% used [0x00000007b6f80000,0x00000007b6f80000,0x00000007ba400000)
 ParOldGen       total 278016K, used 161069K [0x0000000700000000, 0x0000000710f80000, 0x00000007aab00000)
  object space 278016K, 57% used [0x0000000700000000,0x0000000709d4b4f0,0x0000000710f80000)
 Metaspace       used 133945K, committed 135104K, reserved 1179648K
  class space    used 18406K, committed 18944K, reserved 1048576K
}

