# JRE version: OpenJDK Runtime Environment (17.0.11) (build 17.0.11+0--11852314)
# Java VM: OpenJDK 64-Bit Server VM (17.0.11+0--11852314, mixed mode, tiered, compressed oops, compressed class ptrs, g1 gc, windows-amd64)
GC Precious Log:
 CPUs: 8 total, 8 available
 Memory: 7991M
 Large Page Support: Disabled
 NUMA Support: Disabled
 Compressed Oops: Enabled (32-bit)
 Heap Region Size: 1M
 Heap Min Capacity: 8M
 Heap Initial Capacity: 126M
 Heap Max Capacity: 2G
 Pre-touch: Disabled
 Parallel Workers: 8
 Concurrent Workers: 2
 Concurrent Refinement Workers: 8
 Periodic GC: Disabled
Heap:
 garbage-first heap   total 296960K, used 200995K [0x0000000080000000, 0x0000000100000000)
  region size 1024K, 5 young (5120K), 5 survivors (5120K)
 Metaspace       used 129845K, committed 130816K, reserved 1179648K
  class space    used 17372K, committed 17856K, reserved 1048576K
GC Heap History (20 events):
Event: 18.719 GC heap after
{Heap after GC invocations=57 (full 0):
 garbage-first heap   total 296960K, used 177589K [0x0000000080000000, 0x0000000100000000)
  region size 1024K, 5 young (5120K), 5 survivors (5120K)
 Metaspace       used 123350K, committed 124288K, reserved 1179648K
  class space    used 16698K, committed 17152K, reserved 1048576K
}
Event: 18.803 GC heap before
{Heap before GC invocations=57 (full 0):
 garbage-first heap   total 296960K, used 255413K [0x0000000080000000, 0x0000000100000000)
  region size 1024K, 82 young (83968K), 5 survivors (5120K)
 Metaspace       used 123364K, committed 124288K, reserved 1179648K
  class space    used 16698K, committed 17152K, reserved 1048576K
}
Event: 18.806 GC heap after
{Heap after GC invocations=58 (full 0):
 garbage-first heap   total 296960K, used 178618K [0x0000000080000000, 0x0000000100000000)
  region size 1024K, 6 young (6144K), 6 survivors (6144K)
 Metaspace       used 123364K, committed 124288K, reserved 1179648K
  class space    used 16698K, committed 17152K, reserved 1048576K
}
Event: 18.879 GC heap before
{Heap before GC invocations=58 (full 0):
 garbage-first heap   total 296960K, used 256442K [0x0000000080000000, 0x0000000100000000)
  region size 1024K, 83 young (84992K), 6 survivors (6144K)
 Metaspace       used 123368K, committed 124288K, reserved 1179648K
  class space    used 16698K, committed 17152K, reserved 1048576K
}
Event: 18.882 GC heap after
{Heap after GC invocations=59 (full 0):
 garbage-first heap   total 296960K, used 178475K [0x0000000080000000, 0x0000000100000000)
  region size 1024K, 6 young (6144K), 6 survivors (6144K)
 Metaspace       used 123368K, committed 124288K, reserved 1179648K
  class space    used 16698K, committed 17152K, reserved 1048576K
}
Event: 18.957 GC heap before
{Heap before GC invocations=59 (full 0):
 garbage-first heap   total 296960K, used 257323K [0x0000000080000000, 0x0000000100000000)
  region size 1024K, 84 young (86016K), 6 survivors (6144K)
 Metaspace       used 123375K, committed 124288K, reserved 1179648K
  class space    used 16698K, committed 17152K, reserved 1048576K
}
Event: 18.960 GC heap after
{Heap after GC invocations=60 (full 0):
 garbage-first heap   total 296960K, used 177889K [0x0000000080000000, 0x0000000100000000)
  region size 1024K, 6 young (6144K), 6 survivors (6144K)
 Metaspace       used 123375K, committed 124288K, reserved 1179648K
  class space    used 16698K, committed 17152K, reserved 1048576K
}
Event: 24.026 GC heap before
{Heap before GC invocations=60 (full 0):
 garbage-first heap   total 296960K, used 257761K [0x0000000080000000, 0x0000000100000000)
  region size 1024K, 85 young (87040K), 6 survivors (6144K)
 Metaspace       used 123975K, committed 124928K, reserved 1179648K
  class space    used 16746K, committed 17216K, reserved 1048576K
}
Event: 24.031 GC heap after
{Heap after GC invocations=61 (full 0):
 garbage-first heap   total 296960K, used 180423K [0x0000000080000000, 0x0000000100000000)
  region size 1024K, 8 young (8192K), 8 survivors (8192K)
 Metaspace       used 123975K, committed 124928K, reserved 1179648K
  class space    used 16746K, committed 17216K, reserved 1048576K
}
Event: 26.533 GC heap before
{Heap before GC invocations=61 (full 0):
 garbage-first heap   total 296960K, used 256199K [0x0000000080000000, 0x0000000100000000)
  region size 1024K, 83 young (84992K), 8 survivors (8192K)
 Metaspace       used 126129K, committed 127104K, reserved 1179648K
  class space    used 16993K, committed 17472K, reserved 1048576K
}
Event: 26.539 GC heap after
{Heap after GC invocations=62 (full 0):
 garbage-first heap   total 296960K, used 185226K [0x0000000080000000, 0x0000000100000000)
  region size 1024K, 11 young (11264K), 11 survivors (11264K)
 Metaspace       used 126129K, committed 127104K, reserved 1179648K
  class space    used 16993K, committed 17472K, reserved 1048576K
}
Event: 45.965 GC heap before
{Heap before GC invocations=62 (full 0):
 garbage-first heap   total 296960K, used 253834K [0x0000000080000000, 0x0000000100000000)
  region size 1024K, 79 young (80896K), 11 survivors (11264K)
 Metaspace       used 128259K, committed 129216K, reserved 1179648K
  class space    used 17233K, committed 17664K, reserved 1048576K
}
Event: 45.972 GC heap after
{Heap after GC invocations=63 (full 0):
 garbage-first heap   total 296960K, used 190119K [0x0000000080000000, 0x0000000100000000)
  region size 1024K, 10 young (10240K), 10 survivors (10240K)
 Metaspace       used 128259K, committed 129216K, reserved 1179648K
  class space    used 17233K, committed 17664K, reserved 1048576K
}
Event: 69.378 GC heap before
{Heap before GC invocations=63 (full 0):
 garbage-first heap   total 296960K, used 253607K [0x0000000080000000, 0x0000000100000000)
  region size 1024K, 73 young (74752K), 10 survivors (10240K)
 Metaspace       used 128704K, committed 129664K, reserved 1179648K
  class space    used 17246K, committed 17664K, reserved 1048576K
}
Event: 69.383 GC heap after
{Heap after GC invocations=64 (full 0):
 garbage-first heap   total 296960K, used 191120K [0x0000000080000000, 0x0000000100000000)
  region size 1024K, 6 young (6144K), 6 survivors (6144K)
 Metaspace       used 128704K, committed 129664K, reserved 1179648K
  class space    used 17246K, committed 17664K, reserved 1048576K
}
Event: 75.910 GC heap before
{Heap before GC invocations=64 (full 0):
 garbage-first heap   total 296960K, used 254608K [0x0000000080000000, 0x0000000100000000)
  region size 1024K, 69 young (70656K), 6 survivors (6144K)
 Metaspace       used 129844K, committed 130816K, reserved 1179648K
  class space    used 17372K, committed 17856K, reserved 1048576K
}
Event: 75.916 GC heap after
{Heap after GC invocations=65 (full 0):
 garbage-first heap   total 296960K, used 195858K [0x0000000080000000, 0x0000000100000000)
  region size 1024K, 7 young (7168K), 7 survivors (7168K)
 Metaspace       used 129844K, committed 130816K, reserved 1179648K
  class space    used 17372K, committed 17856K, reserved 1048576K
}
Event: 76.107 GC heap before
{Heap before GC invocations=65 (full 0):
 garbage-first heap   total 296960K, used 254226K [0x0000000080000000, 0x0000000100000000)
  region size 1024K, 64 young (65536K), 7 survivors (7168K)
 Metaspace       used 129845K, committed 130816K, reserved 1179648K
  class space    used 17372K, committed 17856K, reserved 1048576K
}
Event: 76.113 GC heap after
{Heap after GC invocations=66 (full 0):
 garbage-first heap   total 296960K, used 198516K [0x0000000080000000, 0x0000000100000000)
  region size 1024K, 6 young (6144K), 6 survivors (6144K)
 Metaspace       used 129845K, committed 130816K, reserved 1179648K
  class space    used 17372K, committed 17856K, reserved 1048576K
}
Event: 76.258 GC heap before
{Heap before GC invocations=66 (full 0):
 garbage-first heap   total 296960K, used 252788K [0x0000000080000000, 0x0000000100000000)
  region size 1024K, 59 young (60416K), 6 survivors (6144K)
 Metaspace       used 129845K, committed 130816K, reserved 1179648K
  class space    used 17372K, committed 17856K, reserved 1048576K
}

