# JRE version: OpenJDK Runtime Environment (17.0.11) (build 17.0.11+0--11852314)
# Java VM: OpenJDK 64-Bit Server VM (17.0.11+0--11852314, mixed mode, tiered, compressed oops, compressed class ptrs, parallel gc, windows-amd64)
GC Precious Log:
 CPUs: 8 total, 8 available
 Memory: 7991M
 Large Page Support: Disabled
 NUMA Support: Disabled
 Compressed Oops: Enabled (Zero based)
 Alignments: Space 512K, Generation 512K, Heap 2M
 Heap Min Capacity: 8M
 Heap Initial Capacity: 126M
 Heap Max Capacity: 4G
 Pre-touch: Disabled
 Parallel Workers: 8
Heap:
 PSYoungGen      total 809472K, used 527468K [0x00000007aab00000, 0x00000007e1a80000, 0x0000000800000000)
  eden space 794624K, 64% used [0x00000007aab00000,0x00000007c9f9c298,0x00000007db300000)
  from space 14848K, 99% used [0x00000007db300000,0x00000007dc17f000,0x00000007dc180000)
  to   space 48640K, 0% used [0x00000007deb00000,0x00000007deb00000,0x00000007e1a80000)
 ParOldGen       total 269824K, used 177196K [0x0000000700000000, 0x0000000710780000, 0x00000007aab00000)
  object space 269824K, 65% used [0x0000000700000000,0x000000070ad0b2e8,0x0000000710780000)
 Metaspace       used 189691K, committed 190720K, reserved 1245184K
  class space    used 24465K, committed 24960K, reserved 1048576K
GC Heap History (20 events):
Event: 25.814 GC heap before
{Heap before GC invocations=24 (full 4):
 PSYoungGen      total 578048K, used 574400K [0x00000007aab00000, 0x00000007cf600000, 0x0000000800000000)
  eden space 569344K, 100% used [0x00000007aab00000,0x00000007cd700000,0x00000007cd700000)
  from space 8704K, 58% used [0x00000007ced80000,0x00000007cf270020,0x00000007cf600000)
  to   space 15872K, 0% used [0x00000007cd700000,0x00000007cd700000,0x00000007ce680000)
 ParOldGen       total 143360K, used 77891K [0x0000000700000000, 0x0000000708c00000, 0x00000007aab00000)
  object space 143360K, 54% used [0x0000000700000000,0x0000000704c10e50,0x0000000708c00000)
 Metaspace       used 82297K, committed 83072K, reserved 1179648K
  class space    used 10891K, committed 11264K, reserved 1048576K
}
Event: 25.819 GC heap after
{Heap after GC invocations=24 (full 4):
 PSYoungGen      total 585216K, used 5488K [0x00000007aab00000, 0x00000007d4100000, 0x0000000800000000)
  eden space 569344K, 0% used [0x00000007aab00000,0x00000007aab00000,0x00000007cd700000)
  from space 15872K, 34% used [0x00000007cd700000,0x00000007cdc5c030,0x00000007ce680000)
  to   space 15360K, 0% used [0x00000007d3200000,0x00000007d3200000,0x00000007d4100000)
 ParOldGen       total 143360K, used 77899K [0x0000000700000000, 0x0000000708c00000, 0x00000007aab00000)
  object space 143360K, 54% used [0x0000000700000000,0x0000000704c12e50,0x0000000708c00000)
 Metaspace       used 82297K, committed 83072K, reserved 1179648K
  class space    used 10891K, committed 11264K, reserved 1048576K
}
Event: 27.281 GC heap before
{Heap before GC invocations=25 (full 4):
 PSYoungGen      total 585216K, used 574832K [0x00000007aab00000, 0x00000007d4100000, 0x0000000800000000)
  eden space 569344K, 100% used [0x00000007aab00000,0x00000007cd700000,0x00000007cd700000)
  from space 15872K, 34% used [0x00000007cd700000,0x00000007cdc5c030,0x00000007ce680000)
  to   space 15360K, 0% used [0x00000007d3200000,0x00000007d3200000,0x00000007d4100000)
 ParOldGen       total 143360K, used 77899K [0x0000000700000000, 0x0000000708c00000, 0x00000007aab00000)
  object space 143360K, 54% used [0x0000000700000000,0x0000000704c12e50,0x0000000708c00000)
 Metaspace       used 82327K, committed 83136K, reserved 1179648K
  class space    used 10891K, committed 11264K, reserved 1048576K
}
Event: 27.287 GC heap after
{Heap after GC invocations=25 (full 4):
 PSYoungGen      total 654336K, used 7161K [0x00000007aab00000, 0x00000007d3c80000, 0x0000000800000000)
  eden space 643584K, 0% used [0x00000007aab00000,0x00000007aab00000,0x00000007d1f80000)
  from space 10752K, 66% used [0x00000007d3200000,0x00000007d38fe7e0,0x00000007d3c80000)
  to   space 14848K, 0% used [0x00000007d1f80000,0x00000007d1f80000,0x00000007d2e00000)
 ParOldGen       total 143360K, used 77907K [0x0000000700000000, 0x0000000708c00000, 0x00000007aab00000)
  object space 143360K, 54% used [0x0000000700000000,0x0000000704c14e50,0x0000000708c00000)
 Metaspace       used 82327K, committed 83136K, reserved 1179648K
  class space    used 10891K, committed 11264K, reserved 1048576K
}
Event: 28.884 GC heap before
{Heap before GC invocations=26 (full 4):
 PSYoungGen      total 654336K, used 650745K [0x00000007aab00000, 0x00000007d3c80000, 0x0000000800000000)
  eden space 643584K, 100% used [0x00000007aab00000,0x00000007d1f80000,0x00000007d1f80000)
  from space 10752K, 66% used [0x00000007d3200000,0x00000007d38fe7e0,0x00000007d3c80000)
  to   space 14848K, 0% used [0x00000007d1f80000,0x00000007d1f80000,0x00000007d2e00000)
 ParOldGen       total 143360K, used 77907K [0x0000000700000000, 0x0000000708c00000, 0x00000007aab00000)
  object space 143360K, 54% used [0x0000000700000000,0x0000000704c14e50,0x0000000708c00000)
 Metaspace       used 82402K, committed 83200K, reserved 1179648K
  class space    used 10895K, committed 11264K, reserved 1048576K
}
Event: 28.888 GC heap after
{Heap after GC invocations=26 (full 4):
 PSYoungGen      total 658432K, used 9905K [0x00000007aab00000, 0x00000007d8880000, 0x0000000800000000)
  eden space 643584K, 0% used [0x00000007aab00000,0x00000007aab00000,0x00000007d1f80000)
  from space 14848K, 66% used [0x00000007d1f80000,0x00000007d292c6e0,0x00000007d2e00000)
  to   space 14848K, 0% used [0x00000007d7a00000,0x00000007d7a00000,0x00000007d8880000)
 ParOldGen       total 143360K, used 77915K [0x0000000700000000, 0x0000000708c00000, 0x00000007aab00000)
  object space 143360K, 54% used [0x0000000700000000,0x0000000704c16e50,0x0000000708c00000)
 Metaspace       used 82402K, committed 83200K, reserved 1179648K
  class space    used 10895K, committed 11264K, reserved 1048576K
}
Event: 30.038 GC heap before
{Heap before GC invocations=27 (full 4):
 PSYoungGen      total 658432K, used 653489K [0x00000007aab00000, 0x00000007d8880000, 0x0000000800000000)
  eden space 643584K, 100% used [0x00000007aab00000,0x00000007d1f80000,0x00000007d1f80000)
  from space 14848K, 66% used [0x00000007d1f80000,0x00000007d292c6e0,0x00000007d2e00000)
  to   space 14848K, 0% used [0x00000007d7a00000,0x00000007d7a00000,0x00000007d8880000)
 ParOldGen       total 143360K, used 77915K [0x0000000700000000, 0x0000000708c00000, 0x00000007aab00000)
  object space 143360K, 54% used [0x0000000700000000,0x0000000704c16e50,0x0000000708c00000)
 Metaspace       used 82403K, committed 83200K, reserved 1179648K
  class space    used 10895K, committed 11264K, reserved 1048576K
}
Event: 30.043 GC heap after
{Heap after GC invocations=27 (full 4):
 PSYoungGen      total 735232K, used 11870K [0x00000007aab00000, 0x00000007d8d80000, 0x0000000800000000)
  eden space 720384K, 0% used [0x00000007aab00000,0x00000007aab00000,0x00000007d6a80000)
  from space 14848K, 79% used [0x00000007d7a00000,0x00000007d8597ae0,0x00000007d8880000)
  to   space 15872K, 0% used [0x00000007d6a80000,0x00000007d6a80000,0x00000007d7a00000)
 ParOldGen       total 143360K, used 77923K [0x0000000700000000, 0x0000000708c00000, 0x00000007aab00000)
  object space 143360K, 54% used [0x0000000700000000,0x0000000704c18e50,0x0000000708c00000)
 Metaspace       used 82403K, committed 83200K, reserved 1179648K
  class space    used 10895K, committed 11264K, reserved 1048576K
}
Event: 31.596 GC heap before
{Heap before GC invocations=28 (full 4):
 PSYoungGen      total 735232K, used 732254K [0x00000007aab00000, 0x00000007d8d80000, 0x0000000800000000)
  eden space 720384K, 100% used [0x00000007aab00000,0x00000007d6a80000,0x00000007d6a80000)
  from space 14848K, 79% used [0x00000007d7a00000,0x00000007d8597ae0,0x00000007d8880000)
  to   space 15872K, 0% used [0x00000007d6a80000,0x00000007d6a80000,0x00000007d7a00000)
 ParOldGen       total 143360K, used 77923K [0x0000000700000000, 0x0000000708c00000, 0x00000007aab00000)
  object space 143360K, 54% used [0x0000000700000000,0x0000000704c18e50,0x0000000708c00000)
 Metaspace       used 82405K, committed 83200K, reserved 1179648K
  class space    used 10895K, committed 11264K, reserved 1048576K
}
Event: 31.600 GC heap after
{Heap after GC invocations=28 (full 4):
 PSYoungGen      total 736256K, used 6042K [0x00000007aab00000, 0x00000007dd900000, 0x0000000800000000)
  eden space 720384K, 0% used [0x00000007aab00000,0x00000007aab00000,0x00000007d6a80000)
  from space 15872K, 38% used [0x00000007d6a80000,0x00000007d7066a00,0x00000007d7a00000)
  to   space 15360K, 0% used [0x00000007dca00000,0x00000007dca00000,0x00000007dd900000)
 ParOldGen       total 143360K, used 77923K [0x0000000700000000, 0x0000000708c00000, 0x00000007aab00000)
  object space 143360K, 54% used [0x0000000700000000,0x0000000704c18e50,0x0000000708c00000)
 Metaspace       used 82405K, committed 83200K, reserved 1179648K
  class space    used 10895K, committed 11264K, reserved 1048576K
}
Event: 33.230 GC heap before
{Heap before GC invocations=29 (full 4):
 PSYoungGen      total 736256K, used 726426K [0x00000007aab00000, 0x00000007dd900000, 0x0000000800000000)
  eden space 720384K, 100% used [0x00000007aab00000,0x00000007d6a80000,0x00000007d6a80000)
  from space 15872K, 38% used [0x00000007d6a80000,0x00000007d7066a00,0x00000007d7a00000)
  to   space 15360K, 0% used [0x00000007dca00000,0x00000007dca00000,0x00000007dd900000)
 ParOldGen       total 143360K, used 77923K [0x0000000700000000, 0x0000000708c00000, 0x00000007aab00000)
  object space 143360K, 54% used [0x0000000700000000,0x0000000704c18e50,0x0000000708c00000)
 Metaspace       used 86497K, committed 87296K, reserved 1179648K
  class space    used 11870K, committed 12224K, reserved 1048576K
}
Event: 33.234 GC heap after
{Heap after GC invocations=29 (full 4):
 PSYoungGen      total 776704K, used 5904K [0x00000007aab00000, 0x00000007dd000000, 0x0000000800000000)
  eden space 770560K, 0% used [0x00000007aab00000,0x00000007aab00000,0x00000007d9b80000)
  from space 6144K, 96% used [0x00000007dca00000,0x00000007dcfc4030,0x00000007dd000000)
  to   space 14848K, 0% used [0x00000007db300000,0x00000007db300000,0x00000007dc180000)
 ParOldGen       total 143360K, used 77984K [0x0000000700000000, 0x0000000708c00000, 0x00000007aab00000)
  object space 143360K, 54% used [0x0000000700000000,0x0000000704c282b0,0x0000000708c00000)
 Metaspace       used 86497K, committed 87296K, reserved 1179648K
  class space    used 11870K, committed 12224K, reserved 1048576K
}
Event: 41.245 GC heap before
{Heap before GC invocations=30 (full 4):
 PSYoungGen      total 776704K, used 720278K [0x00000007aab00000, 0x00000007dd000000, 0x0000000800000000)
  eden space 770560K, 92% used [0x00000007aab00000,0x00000007d64a1aa0,0x00000007d9b80000)
  from space 6144K, 96% used [0x00000007dca00000,0x00000007dcfc4030,0x00000007dd000000)
  to   space 14848K, 0% used [0x00000007db300000,0x00000007db300000,0x00000007dc180000)
 ParOldGen       total 143360K, used 77984K [0x0000000700000000, 0x0000000708c00000, 0x00000007aab00000)
  object space 143360K, 54% used [0x0000000700000000,0x0000000704c282b0,0x0000000708c00000)
 Metaspace       used 130348K, committed 131200K, reserved 1179648K
  class space    used 17008K, committed 17408K, reserved 1048576K
}
Event: 41.300 GC heap after
{Heap after GC invocations=30 (full 4):
 PSYoungGen      total 785408K, used 14825K [0x00000007aab00000, 0x00000007de580000, 0x0000000800000000)
  eden space 770560K, 0% used [0x00000007aab00000,0x00000007aab00000,0x00000007d9b80000)
  from space 14848K, 99% used [0x00000007db300000,0x00000007dc17a530,0x00000007dc180000)
  to   space 36864K, 0% used [0x00000007dc180000,0x00000007dc180000,0x00000007de580000)
 ParOldGen       total 143360K, used 134715K [0x0000000700000000, 0x0000000708c00000, 0x00000007aab00000)
  object space 143360K, 93% used [0x0000000700000000,0x000000070838eed8,0x0000000708c00000)
 Metaspace       used 130348K, committed 131200K, reserved 1179648K
  class space    used 17008K, committed 17408K, reserved 1048576K
}
Event: 41.300 GC heap before
{Heap before GC invocations=31 (full 5):
 PSYoungGen      total 785408K, used 14825K [0x00000007aab00000, 0x00000007de580000, 0x0000000800000000)
  eden space 770560K, 0% used [0x00000007aab00000,0x00000007aab00000,0x00000007d9b80000)
  from space 14848K, 99% used [0x00000007db300000,0x00000007dc17a530,0x00000007dc180000)
  to   space 36864K, 0% used [0x00000007dc180000,0x00000007dc180000,0x00000007de580000)
 ParOldGen       total 143360K, used 134715K [0x0000000700000000, 0x0000000708c00000, 0x00000007aab00000)
  object space 143360K, 93% used [0x0000000700000000,0x000000070838eed8,0x0000000708c00000)
 Metaspace       used 130348K, committed 131200K, reserved 1179648K
  class space    used 17008K, committed 17408K, reserved 1048576K
}
Event: 41.511 GC heap after
{Heap after GC invocations=31 (full 5):
 PSYoungGen      total 785408K, used 0K [0x00000007aab00000, 0x00000007de580000, 0x0000000800000000)
  eden space 770560K, 0% used [0x00000007aab00000,0x00000007aab00000,0x00000007d9b80000)
  from space 14848K, 0% used [0x00000007db300000,0x00000007db300000,0x00000007dc180000)
  to   space 36864K, 0% used [0x00000007dc180000,0x00000007dc180000,0x00000007de580000)
 ParOldGen       total 143360K, used 137845K [0x0000000700000000, 0x0000000708c00000, 0x00000007aab00000)
  object space 143360K, 96% used [0x0000000700000000,0x000000070869d7a8,0x0000000708c00000)
 Metaspace       used 130348K, committed 131200K, reserved 1179648K
  class space    used 17008K, committed 17408K, reserved 1048576K
}
Event: 47.468 GC heap before
{Heap before GC invocations=32 (full 6):
 PSYoungGen      total 785408K, used 770560K [0x00000007aab00000, 0x00000007de580000, 0x0000000800000000)
  eden space 770560K, 100% used [0x00000007aab00000,0x00000007d9b80000,0x00000007d9b80000)
  from space 14848K, 0% used [0x00000007db300000,0x00000007db300000,0x00000007dc180000)
  to   space 36864K, 0% used [0x00000007dc180000,0x00000007dc180000,0x00000007de580000)
 ParOldGen       total 143360K, used 137845K [0x0000000700000000, 0x0000000708c00000, 0x00000007aab00000)
  object space 143360K, 96% used [0x0000000700000000,0x000000070869d7a8,0x0000000708c00000)
 Metaspace       used 160449K, committed 161408K, reserved 1245184K
  class space    used 20691K, committed 21184K, reserved 1048576K
}
Event: 47.769 GC heap after
{Heap after GC invocations=32 (full 6):
 PSYoungGen      total 807424K, used 16812K [0x00000007aab00000, 0x00000007e0900000, 0x0000000800000000)
  eden space 770560K, 2% used [0x00000007aab00000,0x00000007abb6b348,0x00000007d9b80000)
  from space 36864K, 0% used [0x00000007dc180000,0x00000007dc180000,0x00000007de580000)
  to   space 14848K, 0% used [0x00000007db300000,0x00000007db300000,0x00000007dc180000)
 ParOldGen       total 269824K, used 142787K [0x0000000700000000, 0x0000000710780000, 0x00000007aab00000)
  object space 269824K, 52% used [0x0000000700000000,0x0000000708b70dc8,0x0000000710780000)
 Metaspace       used 160449K, committed 161408K, reserved 1245184K
  class space    used 20691K, committed 21184K, reserved 1048576K
}
Event: 54.668 GC heap before
{Heap before GC invocations=33 (full 6):
 PSYoungGen      total 807424K, used 770560K [0x00000007aab00000, 0x00000007e0900000, 0x0000000800000000)
  eden space 770560K, 100% used [0x00000007aab00000,0x00000007d9b80000,0x00000007d9b80000)
  from space 36864K, 0% used [0x00000007dc180000,0x00000007dc180000,0x00000007de580000)
  to   space 14848K, 0% used [0x00000007db300000,0x00000007db300000,0x00000007dc180000)
 ParOldGen       total 269824K, used 142787K [0x0000000700000000, 0x0000000710780000, 0x00000007aab00000)
  object space 269824K, 52% used [0x0000000700000000,0x0000000708b70dc8,0x0000000710780000)
 Metaspace       used 178177K, committed 179264K, reserved 1245184K
  class space    used 22896K, committed 23424K, reserved 1048576K
}
Event: 54.700 GC heap after
{Heap after GC invocations=33 (full 6):
 PSYoungGen      total 809472K, used 14844K [0x00000007aab00000, 0x00000007e1a80000, 0x0000000800000000)
  eden space 794624K, 0% used [0x00000007aab00000,0x00000007aab00000,0x00000007db300000)
  from space 14848K, 99% used [0x00000007db300000,0x00000007dc17f000,0x00000007dc180000)
  to   space 48640K, 0% used [0x00000007deb00000,0x00000007deb00000,0x00000007e1a80000)
 ParOldGen       total 269824K, used 177196K [0x0000000700000000, 0x0000000710780000, 0x00000007aab00000)
  object space 269824K, 65% used [0x0000000700000000,0x000000070ad0b2e8,0x0000000710780000)
 Metaspace       used 178177K, committed 179264K, reserved 1245184K
  class space    used 22896K, committed 23424K, reserved 1048576K
}

