# JRE version: OpenJDK Runtime Environment (17.0.11) (build 17.0.11+0--11852314)
# Java VM: OpenJDK 64-Bit Server VM (17.0.11+0--11852314, mixed mode, tiered, compressed oops, compressed class ptrs, g1 gc, windows-amd64)
GC Precious Log:
 CPUs: 8 total, 8 available
 Memory: 7991M
 Large Page Support: Disabled
 NUMA Support: Disabled
 Compressed Oops: Enabled (32-bit)
 Heap Region Size: 1M
 Heap Min Capacity: 8M
 Heap Initial Capacity: 126M
 Heap Max Capacity: 1998M
 Pre-touch: Disabled
 Parallel Workers: 8
 Concurrent Workers: 2
 Concurrent Refinement Workers: 8
 Periodic GC: Disabled
Heap:
 garbage-first heap   total 314368K, used 210166K [0x0000000083200000, 0x0000000100000000)
  region size 1024K, 72 young (73728K), 6 survivors (6144K)
 Metaspace       used 93702K, committed 94080K, reserved 1179648K
  class space    used 9800K, committed 9984K, reserved 1048576K
GC Heap History (20 events):
Event: 11.756 GC heap before
{Heap before GC invocations=26 (full 0):
 garbage-first heap   total 175104K, used 136488K [0x0000000083200000, 0x0000000100000000)
  region size 1024K, 57 young (58368K), 7 survivors (7168K)
 Metaspace       used 64336K, committed 64640K, reserved 1114112K
  class space    used 7210K, committed 7360K, reserved 1048576K
}
Event: 11.770 GC heap after
{Heap after GC invocations=27 (full 0):
 garbage-first heap   total 175104K, used 90562K [0x0000000083200000, 0x0000000100000000)
  region size 1024K, 6 young (6144K), 6 survivors (6144K)
 Metaspace       used 64336K, committed 64640K, reserved 1114112K
  class space    used 7210K, committed 7360K, reserved 1048576K
}
Event: 11.819 GC heap before
{Heap before GC invocations=27 (full 0):
 garbage-first heap   total 175104K, used 92610K [0x0000000083200000, 0x0000000100000000)
  region size 1024K, 8 young (8192K), 6 survivors (6144K)
 Metaspace       used 64337K, committed 64640K, reserved 1114112K
  class space    used 7210K, committed 7360K, reserved 1048576K
}
Event: 11.828 GC heap after
{Heap after GC invocations=28 (full 0):
 garbage-first heap   total 175104K, used 90287K [0x0000000083200000, 0x0000000100000000)
  region size 1024K, 1 young (1024K), 1 survivors (1024K)
 Metaspace       used 64337K, committed 64640K, reserved 1114112K
  class space    used 7210K, committed 7360K, reserved 1048576K
}
Event: 13.289 GC heap before
{Heap before GC invocations=28 (full 0):
 garbage-first heap   total 175104K, used 138415K [0x0000000083200000, 0x0000000100000000)
  region size 1024K, 48 young (49152K), 1 survivors (1024K)
 Metaspace       used 64788K, committed 65152K, reserved 1114112K
  class space    used 7225K, committed 7424K, reserved 1048576K
}
Event: 13.298 GC heap after
{Heap after GC invocations=29 (full 0):
 garbage-first heap   total 175104K, used 95407K [0x0000000083200000, 0x0000000100000000)
  region size 1024K, 6 young (6144K), 6 survivors (6144K)
 Metaspace       used 64788K, committed 65152K, reserved 1114112K
  class space    used 7225K, committed 7424K, reserved 1048576K
}
Event: 14.106 GC heap before
{Heap before GC invocations=29 (full 0):
 garbage-first heap   total 175104K, used 140463K [0x0000000083200000, 0x0000000100000000)
  region size 1024K, 50 young (51200K), 6 survivors (6144K)
 Metaspace       used 65482K, committed 65792K, reserved 1114112K
  class space    used 7264K, committed 7424K, reserved 1048576K
}
Event: 14.116 GC heap after
{Heap after GC invocations=30 (full 0):
 garbage-first heap   total 175104K, used 99355K [0x0000000083200000, 0x0000000100000000)
  region size 1024K, 4 young (4096K), 4 survivors (4096K)
 Metaspace       used 65482K, committed 65792K, reserved 1114112K
  class space    used 7264K, committed 7424K, reserved 1048576K
}
Event: 14.889 GC heap before
{Heap before GC invocations=30 (full 0):
 garbage-first heap   total 175104K, used 141339K [0x0000000083200000, 0x0000000100000000)
  region size 1024K, 45 young (46080K), 4 survivors (4096K)
 Metaspace       used 71455K, committed 71744K, reserved 1114112K
  class space    used 7856K, committed 8000K, reserved 1048576K
}
Event: 14.895 GC heap after
{Heap after GC invocations=31 (full 0):
 garbage-first heap   total 175104K, used 102049K [0x0000000083200000, 0x0000000100000000)
  region size 1024K, 3 young (3072K), 3 survivors (3072K)
 Metaspace       used 71455K, committed 71744K, reserved 1114112K
  class space    used 7856K, committed 8000K, reserved 1048576K
}
Event: 15.754 GC heap before
{Heap before GC invocations=31 (full 0):
 garbage-first heap   total 175104K, used 143009K [0x0000000083200000, 0x0000000100000000)
  region size 1024K, 43 young (44032K), 3 survivors (3072K)
 Metaspace       used 72543K, committed 72896K, reserved 1114112K
  class space    used 7938K, committed 8128K, reserved 1048576K
}
Event: 15.771 GC heap after
{Heap after GC invocations=32 (full 0):
 garbage-first heap   total 175104K, used 108565K [0x0000000083200000, 0x0000000100000000)
  region size 1024K, 6 young (6144K), 6 survivors (6144K)
 Metaspace       used 72543K, committed 72896K, reserved 1114112K
  class space    used 7938K, committed 8128K, reserved 1048576K
}
Event: 16.205 GC heap before
{Heap before GC invocations=32 (full 0):
 garbage-first heap   total 175104K, used 143381K [0x0000000083200000, 0x0000000100000000)
  region size 1024K, 40 young (40960K), 6 survivors (6144K)
 Metaspace       used 74544K, committed 74880K, reserved 1179648K
  class space    used 8170K, committed 8320K, reserved 1048576K
}
Event: 16.218 GC heap after
{Heap after GC invocations=33 (full 0):
 garbage-first heap   total 175104K, used 113275K [0x0000000083200000, 0x0000000100000000)
  region size 1024K, 5 young (5120K), 5 survivors (5120K)
 Metaspace       used 74544K, committed 74880K, reserved 1179648K
  class space    used 8170K, committed 8320K, reserved 1048576K
}
Event: 16.567 GC heap before
{Heap before GC invocations=33 (full 0):
 garbage-first heap   total 175104K, used 143995K [0x0000000083200000, 0x0000000100000000)
  region size 1024K, 35 young (35840K), 5 survivors (5120K)
 Metaspace       used 75282K, committed 75584K, reserved 1179648K
  class space    used 8244K, committed 8384K, reserved 1048576K
}
Event: 16.583 GC heap after
{Heap after GC invocations=34 (full 0):
 garbage-first heap   total 314368K, used 124557K [0x0000000083200000, 0x0000000100000000)
  region size 1024K, 5 young (5120K), 5 survivors (5120K)
 Metaspace       used 75282K, committed 75584K, reserved 1179648K
  class space    used 8244K, committed 8384K, reserved 1048576K
}
Event: 18.421 GC heap before
{Heap before GC invocations=34 (full 0):
 garbage-first heap   total 314368K, used 233101K [0x0000000083200000, 0x0000000100000000)
  region size 1024K, 111 young (113664K), 5 survivors (5120K)
 Metaspace       used 86317K, committed 86720K, reserved 1179648K
  class space    used 9302K, committed 9472K, reserved 1048576K
}
Event: 18.438 GC heap after
{Heap after GC invocations=35 (full 0):
 garbage-first heap   total 314368K, used 137356K [0x0000000083200000, 0x0000000100000000)
  region size 1024K, 14 young (14336K), 14 survivors (14336K)
 Metaspace       used 86317K, committed 86720K, reserved 1179648K
  class space    used 9302K, committed 9472K, reserved 1048576K
}
Event: 20.455 GC heap before
{Heap before GC invocations=35 (full 0):
 garbage-first heap   total 314368K, used 234636K [0x0000000083200000, 0x0000000100000000)
  region size 1024K, 109 young (111616K), 14 survivors (14336K)
 Metaspace       used 92748K, committed 93120K, reserved 1179648K
  class space    used 9772K, committed 9984K, reserved 1048576K
}
Event: 20.469 GC heap after
{Heap after GC invocations=36 (full 0):
 garbage-first heap   total 314368K, used 143606K [0x0000000083200000, 0x0000000100000000)
  region size 1024K, 6 young (6144K), 6 survivors (6144K)
 Metaspace       used 92748K, committed 93120K, reserved 1179648K
  class space    used 9772K, committed 9984K, reserved 1048576K
}

