# JRE version: OpenJDK Runtime Environment (17.0.11) (build 17.0.11+0--11852314)
# Java VM: OpenJDK 64-Bit Server VM (17.0.11+0--11852314, mixed mode, tiered, compressed oops, compressed class ptrs, g1 gc, windows-amd64)
GC Precious Log:
 CPUs: 8 total, 8 available
 Memory: 7991M
 Large Page Support: Disabled
 NUMA Support: Disabled
 Compressed Oops: Enabled (32-bit)
 Heap Region Size: 1M
 Heap Min Capacity: 8M
 Heap Initial Capacity: 126M
 Heap Max Capacity: 2G
 Pre-touch: Disabled
 Parallel Workers: 8
 Concurrent Workers: 2
 Concurrent Refinement Workers: 8
 Periodic GC: Disabled
Heap:
 garbage-first heap   total 363520K, used 254813K [0x0000000080000000, 0x0000000100000000)
  region size 1024K, 60 young (61440K), 7 survivors (7168K)
 Metaspace       used 119240K, committed 120192K, reserved 1179648K
  class space    used 16169K, committed 16640K, reserved 1048576K
GC Heap History (20 events):
Event: 9.300 GC heap before
{Heap before GC invocations=41 (full 0):
 garbage-first heap   total 331776K, used 269526K [0x0000000080000000, 0x0000000100000000)
  region size 1024K, 122 young (124928K), 10 survivors (10240K)
 Metaspace       used 102602K, committed 103424K, reserved 1179648K
  class space    used 14196K, committed 14592K, reserved 1048576K
}
Event: 9.307 GC heap after
{Heap after GC invocations=42 (full 0):
 garbage-first heap   total 331776K, used 163211K [0x0000000080000000, 0x0000000100000000)
  region size 1024K, 16 young (16384K), 16 survivors (16384K)
 Metaspace       used 102602K, committed 103424K, reserved 1179648K
  class space    used 14196K, committed 14592K, reserved 1048576K
}
Event: 9.704 GC heap before
{Heap before GC invocations=42 (full 0):
 garbage-first heap   total 331776K, used 270731K [0x0000000080000000, 0x0000000100000000)
  region size 1024K, 121 young (123904K), 16 survivors (16384K)
 Metaspace       used 102602K, committed 103424K, reserved 1179648K
  class space    used 14196K, committed 14592K, reserved 1048576K
}
Event: 9.711 GC heap after
{Heap after GC invocations=43 (full 0):
 garbage-first heap   total 331776K, used 168532K [0x0000000080000000, 0x0000000100000000)
  region size 1024K, 14 young (14336K), 14 survivors (14336K)
 Metaspace       used 102602K, committed 103424K, reserved 1179648K
  class space    used 14196K, committed 14592K, reserved 1048576K
}
Event: 10.101 GC heap before
{Heap before GC invocations=43 (full 0):
 garbage-first heap   total 331776K, used 270932K [0x0000000080000000, 0x0000000100000000)
  region size 1024K, 114 young (116736K), 14 survivors (14336K)
 Metaspace       used 102602K, committed 103424K, reserved 1179648K
  class space    used 14196K, committed 14592K, reserved 1048576K
}
Event: 10.107 GC heap after
{Heap after GC invocations=44 (full 0):
 garbage-first heap   total 331776K, used 173636K [0x0000000080000000, 0x0000000100000000)
  region size 1024K, 13 young (13312K), 13 survivors (13312K)
 Metaspace       used 102602K, committed 103424K, reserved 1179648K
  class space    used 14196K, committed 14592K, reserved 1048576K
}
Event: 10.368 GC heap before
{Heap before GC invocations=44 (full 0):
 garbage-first heap   total 331776K, used 272964K [0x0000000080000000, 0x0000000100000000)
  region size 1024K, 110 young (112640K), 13 survivors (13312K)
 Metaspace       used 102602K, committed 103424K, reserved 1179648K
  class space    used 14196K, committed 14592K, reserved 1048576K
}
Event: 10.374 GC heap after
{Heap after GC invocations=45 (full 0):
 garbage-first heap   total 331776K, used 178347K [0x0000000080000000, 0x0000000100000000)
  region size 1024K, 13 young (13312K), 13 survivors (13312K)
 Metaspace       used 102602K, committed 103424K, reserved 1179648K
  class space    used 14196K, committed 14592K, reserved 1048576K
}
Event: 10.596 GC heap before
{Heap before GC invocations=45 (full 0):
 garbage-first heap   total 331776K, used 273579K [0x0000000080000000, 0x0000000100000000)
  region size 1024K, 106 young (108544K), 13 survivors (13312K)
 Metaspace       used 102602K, committed 103424K, reserved 1179648K
  class space    used 14196K, committed 14592K, reserved 1048576K
}
Event: 10.601 GC heap after
{Heap after GC invocations=46 (full 0):
 garbage-first heap   total 331776K, used 182263K [0x0000000080000000, 0x0000000100000000)
  region size 1024K, 12 young (12288K), 12 survivors (12288K)
 Metaspace       used 102602K, committed 103424K, reserved 1179648K
  class space    used 14196K, committed 14592K, reserved 1048576K
}
Event: 10.960 GC heap before
{Heap before GC invocations=46 (full 0):
 garbage-first heap   total 331776K, used 275447K [0x0000000080000000, 0x0000000100000000)
  region size 1024K, 102 young (104448K), 12 survivors (12288K)
 Metaspace       used 105681K, committed 106496K, reserved 1179648K
  class space    used 14490K, committed 14848K, reserved 1048576K
}
Event: 10.967 GC heap after
{Heap after GC invocations=47 (full 0):
 garbage-first heap   total 331776K, used 187404K [0x0000000080000000, 0x0000000100000000)
  region size 1024K, 12 young (12288K), 12 survivors (12288K)
 Metaspace       used 105681K, committed 106496K, reserved 1179648K
  class space    used 14490K, committed 14848K, reserved 1048576K
}
Event: 11.439 GC heap before
{Heap before GC invocations=47 (full 0):
 garbage-first heap   total 331776K, used 257036K [0x0000000080000000, 0x0000000100000000)
  region size 1024K, 81 young (82944K), 12 survivors (12288K)
 Metaspace       used 112368K, committed 113216K, reserved 1179648K
  class space    used 15444K, committed 15808K, reserved 1048576K
}
Event: 11.445 GC heap after
{Heap after GC invocations=48 (full 0):
 garbage-first heap   total 331776K, used 190497K [0x0000000080000000, 0x0000000100000000)
  region size 1024K, 4 young (4096K), 4 survivors (4096K)
 Metaspace       used 112368K, committed 113216K, reserved 1179648K
  class space    used 15444K, committed 15808K, reserved 1048576K
}
Event: 12.097 GC heap before
{Heap before GC invocations=49 (full 0):
 garbage-first heap   total 332800K, used 281633K [0x0000000080000000, 0x0000000100000000)
  region size 1024K, 89 young (91136K), 4 survivors (4096K)
 Metaspace       used 116992K, committed 117888K, reserved 1179648K
  class space    used 15904K, committed 16320K, reserved 1048576K
}
Event: 12.104 GC heap after
{Heap after GC invocations=50 (full 0):
 garbage-first heap   total 332800K, used 198960K [0x0000000080000000, 0x0000000100000000)
  region size 1024K, 12 young (12288K), 12 survivors (12288K)
 Metaspace       used 116992K, committed 117888K, reserved 1179648K
  class space    used 15904K, committed 16320K, reserved 1048576K
}
Event: 12.123 GC heap before
{Heap before GC invocations=50 (full 0):
 garbage-first heap   total 332800K, used 202032K [0x0000000080000000, 0x0000000100000000)
  region size 1024K, 16 young (16384K), 12 survivors (12288K)
 Metaspace       used 116999K, committed 117952K, reserved 1179648K
  class space    used 15904K, committed 16320K, reserved 1048576K
}
Event: 12.129 GC heap after
{Heap after GC invocations=51 (full 0):
 garbage-first heap   total 332800K, used 197006K [0x0000000080000000, 0x0000000100000000)
  region size 1024K, 2 young (2048K), 2 survivors (2048K)
 Metaspace       used 116999K, committed 117952K, reserved 1179648K
  class space    used 15904K, committed 16320K, reserved 1048576K
}
Event: 12.570 GC heap before
{Heap before GC invocations=51 (full 0):
 garbage-first heap   total 332800K, used 276878K [0x0000000080000000, 0x0000000100000000)
  region size 1024K, 80 young (81920K), 2 survivors (2048K)
 Metaspace       used 117452K, committed 118400K, reserved 1179648K
  class space    used 15953K, committed 16384K, reserved 1048576K
}
Event: 12.574 GC heap after
{Heap after GC invocations=52 (full 0):
 garbage-first heap   total 332800K, used 201565K [0x0000000080000000, 0x0000000100000000)
  region size 1024K, 7 young (7168K), 7 survivors (7168K)
 Metaspace       used 117452K, committed 118400K, reserved 1179648K
  class space    used 15953K, committed 16384K, reserved 1048576K
}

