# JRE version: OpenJDK Runtime Environment (17.0.11) (build 17.0.11+0--11852314)
# Java VM: OpenJDK 64-Bit Server VM (17.0.11+0--11852314, mixed mode, tiered, compressed oops, compressed class ptrs, g1 gc, windows-amd64)
GC Precious Log:
 CPUs: 8 total, 8 available
 Memory: 7991M
 Large Page Support: Disabled
 NUMA Support: Disabled
 Compressed Oops: Enabled (32-bit)
 Heap Region Size: 1M
 Heap Min Capacity: 8M
 Heap Initial Capacity: 126M
 Heap Max Capacity: 2G
 Pre-touch: Disabled
 Parallel Workers: 8
 Concurrent Workers: 2
 Concurrent Refinement Workers: 8
 Periodic GC: Disabled
Heap:
 garbage-first heap   total 450560K, used 190050K [0x0000000080000000, 0x0000000100000000)
  region size 1024K, 77 young (78848K), 2 survivors (2048K)
 Metaspace       used 79254K, committed 80000K, reserved 1179648K
  class space    used 10716K, committed 11072K, reserved 1048576K
GC Heap History (20 events):
Event: 5.203 GC heap before
{Heap before GC invocations=27 (full 0):
 garbage-first heap   total 150528K, used 111862K [0x0000000080000000, 0x0000000100000000)
  region size 1024K, 40 young (40960K), 5 survivors (5120K)
 Metaspace       used 66358K, committed 67008K, reserved 1114112K
  class space    used 9122K, committed 9408K, reserved 1048576K
}
Event: 5.207 GC heap after
{Heap after GC invocations=28 (full 0):
 garbage-first heap   total 150528K, used 78611K [0x0000000080000000, 0x0000000100000000)
  region size 1024K, 5 young (5120K), 5 survivors (5120K)
 Metaspace       used 66358K, committed 67008K, reserved 1114112K
  class space    used 9122K, committed 9408K, reserved 1048576K
}
Event: 5.422 GC heap before
{Heap before GC invocations=28 (full 0):
 garbage-first heap   total 150528K, used 113427K [0x0000000080000000, 0x0000000100000000)
  region size 1024K, 40 young (40960K), 5 survivors (5120K)
 Metaspace       used 66892K, committed 67584K, reserved 1114112K
  class space    used 9150K, committed 9472K, reserved 1048576K
}
Event: 5.428 GC heap after
{Heap after GC invocations=29 (full 0):
 garbage-first heap   total 150528K, used 83591K [0x0000000080000000, 0x0000000100000000)
  region size 1024K, 5 young (5120K), 5 survivors (5120K)
 Metaspace       used 66892K, committed 67584K, reserved 1114112K
  class space    used 9150K, committed 9472K, reserved 1048576K
}
Event: 5.545 GC heap before
{Heap before GC invocations=30 (full 0):
 garbage-first heap   total 153600K, used 115335K [0x0000000080000000, 0x0000000100000000)
  region size 1024K, 37 young (37888K), 5 survivors (5120K)
 Metaspace       used 67079K, committed 67840K, reserved 1114112K
  class space    used 9150K, committed 9472K, reserved 1048576K
}
Event: 5.548 GC heap after
{Heap after GC invocations=31 (full 0):
 garbage-first heap   total 153600K, used 85178K [0x0000000080000000, 0x0000000100000000)
  region size 1024K, 4 young (4096K), 4 survivors (4096K)
 Metaspace       used 67079K, committed 67840K, reserved 1114112K
  class space    used 9150K, committed 9472K, reserved 1048576K
}
Event: 5.554 GC heap before
{Heap before GC invocations=31 (full 0):
 garbage-first heap   total 153600K, used 88250K [0x0000000080000000, 0x0000000100000000)
  region size 1024K, 7 young (7168K), 4 survivors (4096K)
 Metaspace       used 67084K, committed 67840K, reserved 1114112K
  class space    used 9150K, committed 9472K, reserved 1048576K
}
Event: 5.558 GC heap after
{Heap after GC invocations=32 (full 0):
 garbage-first heap   total 184320K, used 84717K [0x0000000080000000, 0x0000000100000000)
  region size 1024K, 1 young (1024K), 1 survivors (1024K)
 Metaspace       used 67084K, committed 67840K, reserved 1114112K
  class space    used 9150K, committed 9472K, reserved 1048576K
}
Event: 5.682 GC heap before
{Heap before GC invocations=32 (full 0):
 garbage-first heap   total 184320K, used 140013K [0x0000000080000000, 0x0000000100000000)
  region size 1024K, 55 young (56320K), 1 survivors (1024K)
 Metaspace       used 67221K, committed 67904K, reserved 1114112K
  class space    used 9151K, committed 9472K, reserved 1048576K
}
Event: 5.685 GC heap after
{Heap after GC invocations=33 (full 0):
 garbage-first heap   total 184320K, used 87498K [0x0000000080000000, 0x0000000100000000)
  region size 1024K, 4 young (4096K), 4 survivors (4096K)
 Metaspace       used 67221K, committed 67904K, reserved 1114112K
  class space    used 9151K, committed 9472K, reserved 1048576K
}
Event: 5.905 GC heap before
{Heap before GC invocations=34 (full 0):
 garbage-first heap   total 184320K, used 159178K [0x0000000080000000, 0x0000000100000000)
  region size 1024K, 61 young (62464K), 4 survivors (4096K)
 Metaspace       used 67823K, committed 68544K, reserved 1114112K
  class space    used 9241K, committed 9536K, reserved 1048576K
}
Event: 5.909 GC heap after
{Heap after GC invocations=35 (full 0):
 garbage-first heap   total 184320K, used 108450K [0x0000000080000000, 0x0000000100000000)
  region size 1024K, 8 young (8192K), 8 survivors (8192K)
 Metaspace       used 67823K, committed 68544K, reserved 1114112K
  class space    used 9241K, committed 9536K, reserved 1048576K
}
Event: 5.914 GC heap before
{Heap before GC invocations=35 (full 0):
 garbage-first heap   total 184320K, used 108450K [0x0000000080000000, 0x0000000100000000)
  region size 1024K, 9 young (9216K), 8 survivors (8192K)
 Metaspace       used 67823K, committed 68544K, reserved 1114112K
  class space    used 9241K, committed 9536K, reserved 1048576K
}
Event: 5.917 GC heap after
{Heap after GC invocations=36 (full 0):
 garbage-first heap   total 184320K, used 107523K [0x0000000080000000, 0x0000000100000000)
  region size 1024K, 2 young (2048K), 2 survivors (2048K)
 Metaspace       used 67823K, committed 68544K, reserved 1114112K
  class space    used 9241K, committed 9536K, reserved 1048576K
}
Event: 5.955 GC heap before
{Heap before GC invocations=36 (full 0):
 garbage-first heap   total 184320K, used 115715K [0x0000000080000000, 0x0000000100000000)
  region size 1024K, 12 young (12288K), 2 survivors (2048K)
 Metaspace       used 68437K, committed 69120K, reserved 1114112K
  class space    used 9297K, committed 9600K, reserved 1048576K
}
Event: 5.956 GC heap after
{Heap after GC invocations=37 (full 0):
 garbage-first heap   total 184320K, used 108203K [0x0000000080000000, 0x0000000100000000)
  region size 1024K, 2 young (2048K), 2 survivors (2048K)
 Metaspace       used 68437K, committed 69120K, reserved 1114112K
  class space    used 9297K, committed 9600K, reserved 1048576K
}
Event: 6.179 GC heap before
{Heap before GC invocations=38 (full 0):
 garbage-first heap   total 193536K, used 143019K [0x0000000080000000, 0x0000000100000000)
  region size 1024K, 36 young (36864K), 2 survivors (2048K)
 Metaspace       used 71216K, committed 71936K, reserved 1114112K
  class space    used 9652K, committed 9984K, reserved 1048576K
}
Event: 6.182 GC heap after
{Heap after GC invocations=39 (full 0):
 garbage-first heap   total 450560K, used 110338K [0x0000000080000000, 0x0000000100000000)
  region size 1024K, 3 young (3072K), 3 survivors (3072K)
 Metaspace       used 71216K, committed 71936K, reserved 1114112K
  class space    used 9652K, committed 9984K, reserved 1048576K
}
Event: 6.293 GC heap before
{Heap before GC invocations=39 (full 0):
 garbage-first heap   total 450560K, used 128770K [0x0000000080000000, 0x0000000100000000)
  region size 1024K, 22 young (22528K), 3 survivors (3072K)
 Metaspace       used 73308K, committed 74048K, reserved 1114112K
  class space    used 9889K, committed 10240K, reserved 1048576K
}
Event: 6.295 GC heap after
{Heap after GC invocations=40 (full 0):
 garbage-first heap   total 450560K, used 109154K [0x0000000080000000, 0x0000000100000000)
  region size 1024K, 2 young (2048K), 2 survivors (2048K)
 Metaspace       used 73308K, committed 74048K, reserved 1114112K
  class space    used 9889K, committed 10240K, reserved 1048576K
}

